#
# There is insufficient memory for the Java Runtime Environment to continue.
# Native memory allocation (malloc) failed to allocate 3125136 bytes for Chunk::new
# Possible reasons:
#   The system is out of physical RAM or swap space
#   The process is running with CompressedOops enabled, and the Java Heap may be blocking the growth of the native heap
# Possible solutions:
#   Reduce memory load on the system
#   Increase physical memory or swap space
#   Check if swap backing store is full
#   Decrease Java heap size (-Xmx/-Xms)
#   Decrease number of Java threads
#   Decrease Java thread stack sizes (-Xss)
#   Set larger code cache with -XX:ReservedCodeCacheSize=
#   JVM is running with Unscaled Compressed Oops mode in which the Java heap is
#     placed in the first 4GB address space. The Java Heap base address is the
#     maximum limit for the native heap growth. Please use -XX:HeapBaseMinAddress
#     to set the Java Heap base and to place the Java Heap above 4GB virtual address.
# This output file may be truncated or incomplete.
#
#  Out of Memory Error (src/hotspot/share/memory/arena.cpp:197), pid=4600, tid=10128
#
# JRE version: OpenJDK Runtime Environment (11.0.15) (build 11.0.15+0-b2043.56-9505619)
# Java VM: OpenJDK 64-Bit Server VM (11.0.15+0-b2043.56-9505619, mixed mode, tiered, compressed oops, g1 gc, windows-amd64)
# No core dump will be written. Minidumps are not enabled by default on client versions of Windows
#

---------------  S U M M A R Y ------------

Command Line: --add-opens=java.base/java.util=ALL-UNNAMED --add-opens=java.base/java.lang=ALL-UNNAMED --add-opens=java.base/java.lang.invoke=ALL-UNNAMED --add-opens=java.base/java.util=ALL-UNNAMED --add-opens=java.prefs/java.util.prefs=ALL-UNNAMED --add-opens=java.prefs/java.util.prefs=ALL-UNNAMED --add-opens=java.base/java.nio.charset=ALL-UNNAMED --add-opens=java.base/java.net=ALL-UNNAMED --add-opens=java.base/java.util.concurrent.atomic=ALL-UNNAMED -Xmx2048m -Dfile.encoding=UTF-8 -Duser.country=US -Duser.language=en -Duser.variant org.gradle.launcher.daemon.bootstrap.GradleDaemon 7.5

Host: Intel(R) Core(TM) i5-2520M CPU @ 2.50GHz, 4 cores, 3G,  Windows 10 , 64 bit Build 19041 (10.0.19041.1889)
Time: Tue Feb 14 10:16:49 2023 Pakistan Standard Time elapsed time: 180.817644 seconds (0d 0h 3m 0s)

---------------  T H R E A D  ---------------

Current thread (0x0000024aac9a4800):  JavaThread "C2 CompilerThread0" daemon [_thread_in_native, id=10128, stack(0x000000f580700000,0x000000f580800000)]


Current CompileTask:
C2: 180851 21455       4       com.android.tools.r8.ir.regalloc.b::c (4031 bytes)

Stack: [0x000000f580700000,0x000000f580800000]
Native frames: (J=compiled Java code, j=interpreted, Vv=VM code, C=native code)
V  [jvm.dll+0x64135a]
V  [jvm.dll+0x7d39f9]
V  [jvm.dll+0x7d51b9]
V  [jvm.dll+0x7d58a3]
V  [jvm.dll+0x2691c5]
V  [jvm.dll+0xc1a5c]
V  [jvm.dll+0xc200c]
V  [jvm.dll+0x3774a7]
V  [jvm.dll+0x1b3914]
V  [jvm.dll+0x22163e]
V  [jvm.dll+0x220498]
V  [jvm.dll+0x19e851]
V  [jvm.dll+0x230479]
V  [jvm.dll+0x22e5ef]
V  [jvm.dll+0x794de1]
V  [jvm.dll+0x78dc24]
V  [jvm.dll+0x6400f6]
C  [ucrtbase.dll+0x21bb2]
C  [KERNEL32.DLL+0x17034]
C  [ntdll.dll+0x526a1]


---------------  P R O C E S S  ---------------

Threads class SMR info:
_java_thread_list=0x0000024ab8ea29e0, length=88, elements={
0x0000024a92d62800, 0x0000024aac93b000, 0x0000024aac93e800, 0x0000024aac99b800,
0x0000024aac99c800, 0x0000024aac99f000, 0x0000024aac9a4800, 0x0000024aac9a8800,
0x0000024aac9ac000, 0x0000024aad40b800, 0x0000024aaf487800, 0x0000024aae543000,
0x0000024aae53d000, 0x0000024aae06a800, 0x0000024aaf785000, 0x0000024aae06c000,
0x0000024aaf38a000, 0x0000024aaf2e7800, 0x0000024aaf715800, 0x0000024aaf6e7800,
0x0000024aaf6e4800, 0x0000024aaf6e9000, 0x0000024aaf6ea000, 0x0000024aaf6e6000,
0x0000024aaf6e6800, 0x0000024aaf6e5000, 0x0000024aaf6eb000, 0x0000024aaf6e8800,
0x0000024aad5dc800, 0x0000024aad5dd800, 0x0000024aad5db000, 0x0000024aad5e0800,
0x0000024aad5e1800, 0x0000024aad5db800, 0x0000024aad5df000, 0x0000024aad5e2000,
0x0000024aad5e3000, 0x0000024aad5e4000, 0x0000024aad5de000, 0x0000024aad5e6800,
0x0000024aad5e9800, 0x0000024aad5e7000, 0x0000024aad5e4800, 0x0000024aad5e8800,
0x0000024aad5e5800, 0x0000024aad5e8000, 0x0000024aadf37000, 0x0000024aadf3b000,
0x0000024aadf39800, 0x0000024aadf3c000, 0x0000024aadf3c800, 0x0000024aadf3a800,
0x0000024aadf3d800, 0x0000024aadf38000, 0x0000024aadf38800, 0x0000024aaf52d800,
0x0000024aaf531000, 0x0000024aaf52e800, 0x0000024aaf52b000, 0x0000024aaf52f000,
0x0000024aaf530000, 0x0000024aaf531800, 0x0000024aaf52c800, 0x0000024aaf52c000,
0x0000024aae7df000, 0x0000024aae7e1000, 0x0000024aae7de800, 0x0000024aae7e0000,
0x0000024aae7e1800, 0x0000024aae7dc000, 0x0000024aae7e2800, 0x0000024aae7dd000,
0x0000024aae7e3800, 0x0000024aae7dd800, 0x0000024aae7ea000, 0x0000024aae7e8000,
0x0000024aae7e9000, 0x0000024aae7e4000, 0x0000024aae7ea800, 0x0000024aae7e7800,
0x0000024aae7e5000, 0x0000024aae7e6000, 0x0000024aae7e6800, 0x0000024ab1920800,
0x0000024ab191f000, 0x0000024ab1924000, 0x0000024ab83ad000, 0x0000024ab1927000
}

Java Threads: ( => current thread )
  0x0000024a92d62800 JavaThread "main" [_thread_blocked, id=5652, stack(0x000000f5ffb00000,0x000000f5ffc00000)]
  0x0000024aac93b000 JavaThread "Reference Handler" daemon [_thread_blocked, id=1132, stack(0x000000f580200000,0x000000f580300000)]
  0x0000024aac93e800 JavaThread "Finalizer" daemon [_thread_blocked, id=324, stack(0x000000f580300000,0x000000f580400000)]
  0x0000024aac99b800 JavaThread "Signal Dispatcher" daemon [_thread_blocked, id=3424, stack(0x000000f580400000,0x000000f580500000)]
  0x0000024aac99c800 JavaThread "Attach Listener" daemon [_thread_blocked, id=8048, stack(0x000000f580500000,0x000000f580600000)]
  0x0000024aac99f000 JavaThread "Service Thread" daemon [_thread_blocked, id=8824, stack(0x000000f580600000,0x000000f580700000)]
=>0x0000024aac9a4800 JavaThread "C2 CompilerThread0" daemon [_thread_in_native, id=10128, stack(0x000000f580700000,0x000000f580800000)]
  0x0000024aac9a8800 JavaThread "C1 CompilerThread0" daemon [_thread_blocked, id=7340, stack(0x000000f580800000,0x000000f580900000)]
  0x0000024aac9ac000 JavaThread "Sweeper thread" daemon [_thread_blocked, id=972, stack(0x000000f580900000,0x000000f580a00000)]
  0x0000024aad40b800 JavaThread "Common-Cleaner" daemon [_thread_blocked, id=5084, stack(0x000000f580a00000,0x000000f580b00000)]
  0x0000024aaf487800 JavaThread "Daemon health stats" [_thread_blocked, id=5224, stack(0x000000f580d00000,0x000000f580e00000)]
  0x0000024aae543000 JavaThread "Incoming local TCP Connector on port 59035" [_thread_in_native, id=9408, stack(0x000000f581000000,0x000000f581100000)]
  0x0000024aae53d000 JavaThread "Daemon periodic checks" [_thread_blocked, id=8432, stack(0x000000f581100000,0x000000f581200000)]
  0x0000024aae06a800 JavaThread "Daemon" [_thread_blocked, id=816, stack(0x000000f581200000,0x000000f581300000)]
  0x0000024aaf785000 JavaThread "Handler for socket connection from /127.0.0.1:59035 to /127.0.0.1:59036" [_thread_in_native, id=8896, stack(0x000000f581300000,0x000000f581400000)]
  0x0000024aae06c000 JavaThread "Cancel handler" [_thread_blocked, id=3952, stack(0x000000f581400000,0x000000f581500000)]
  0x0000024aaf38a000 JavaThread "Daemon worker" [_thread_blocked, id=5744, stack(0x000000f581500000,0x000000f581600000)]
  0x0000024aaf2e7800 JavaThread "Asynchronous log dispatcher for DefaultDaemonConnection: socket connection from /127.0.0.1:59035 to /127.0.0.1:59036" [_thread_blocked, id=5320, stack(0x000000f581600000,0x000000f581700000)]
  0x0000024aaf715800 JavaThread "Daemon client event forwarder" [_thread_blocked, id=5512, stack(0x000000f581800000,0x000000f581900000)]
  0x0000024aaf6e7800 JavaThread "Cache worker for journal cache (C:\Users\Aqib\.gradle\caches\journal-1)" [_thread_blocked, id=6736, stack(0x000000f581900000,0x000000f581a00000)]
  0x0000024aaf6e4800 JavaThread "File lock request listener" [_thread_in_native, id=5712, stack(0x000000f581a00000,0x000000f581b00000)]
  0x0000024aaf6e9000 JavaThread "Cache worker for file hash cache (C:\Users\Aqib\.gradle\caches\7.5\fileHashes)" [_thread_blocked, id=4132, stack(0x000000f581b00000,0x000000f581c00000)]
  0x0000024aaf6ea000 JavaThread "File watcher server" daemon [_thread_in_native, id=6636, stack(0x000000f581c00000,0x000000f581d00000)]
  0x0000024aaf6e6000 JavaThread "File watcher consumer" daemon [_thread_blocked, id=7744, stack(0x000000f581d00000,0x000000f581e00000)]
  0x0000024aaf6e6800 JavaThread "Cache worker for checksums cache (C:\Users\Aqib\AndroidStudioProjects\Tamir_project\.gradle\7.5\checksums)" [_thread_blocked, id=2124, stack(0x000000f581e00000,0x000000f581f00000)]
  0x0000024aaf6e5000 JavaThread "Cache worker for cache directory md-rule (C:\Users\Aqib\.gradle\caches\7.5\md-rule)" [_thread_blocked, id=2412, stack(0x000000f581f00000,0x000000f582000000)]
  0x0000024aaf6eb000 JavaThread "Cache worker for file content cache (C:\Users\Aqib\.gradle\caches\7.5\fileContent)" [_thread_blocked, id=8836, stack(0x000000f582000000,0x000000f582100000)]
  0x0000024aaf6e8800 JavaThread "Cache worker for file hash cache (C:\Users\Aqib\AndroidStudioProjects\Tamir_project\.gradle\7.5\fileHashes)" [_thread_blocked, id=7000, stack(0x000000f582100000,0x000000f582200000)]
  0x0000024aad5dc800 JavaThread "Cache worker for cache directory md-supplier (C:\Users\Aqib\.gradle\caches\7.5\md-supplier)" [_thread_blocked, id=9916, stack(0x000000f582200000,0x000000f582300000)]
  0x0000024aad5dd800 JavaThread "Cache worker for execution history cache (C:\Users\Aqib\.gradle\caches\7.5\executionHistory)" [_thread_blocked, id=5228, stack(0x000000f582300000,0x000000f582400000)]
  0x0000024aad5db000 JavaThread "jar transforms" [_thread_blocked, id=6848, stack(0x000000f582400000,0x000000f582500000)]
  0x0000024aad5e0800 JavaThread "jar transforms Thread 2" [_thread_blocked, id=9180, stack(0x000000f582500000,0x000000f582600000)]
  0x0000024aad5e1800 JavaThread "jar transforms Thread 3" [_thread_blocked, id=4396, stack(0x000000f582600000,0x000000f582700000)]
  0x0000024aad5db800 JavaThread "jar transforms Thread 4" [_thread_blocked, id=6180, stack(0x000000f582700000,0x000000f582800000)]
  0x0000024aad5df000 JavaThread "Cache worker for dependencies-accessors (C:\Users\Aqib\AndroidStudioProjects\Tamir_project\.gradle\7.5\dependencies-accessors)" [_thread_blocked, id=3508, stack(0x000000f582800000,0x000000f582900000)]
  0x0000024aad5e2000 JavaThread "Cache worker for Build Output Cleanup Cache (C:\Users\Aqib\AndroidStudioProjects\Tamir_project\.gradle\buildOutputCleanup)" [_thread_blocked, id=2552, stack(0x000000f582900000,0x000000f582a00000)]
  0x0000024aad5e3000 JavaThread "Unconstrained build operations" [_thread_blocked, id=8040, stack(0x000000f582a00000,0x000000f582b00000)]
  0x0000024aad5e4000 JavaThread "Unconstrained build operations Thread 2" [_thread_blocked, id=5692, stack(0x000000f582b00000,0x000000f582c00000)]
  0x0000024aad5de000 JavaThread "Unconstrained build operations Thread 3" [_thread_blocked, id=6516, stack(0x000000f582c00000,0x000000f582d00000)]
  0x0000024aad5e6800 JavaThread "Unconstrained build operations Thread 4" [_thread_blocked, id=5932, stack(0x000000f582d00000,0x000000f582e00000)]
  0x0000024aad5e9800 JavaThread "Unconstrained build operations Thread 5" [_thread_blocked, id=10124, stack(0x000000f582e00000,0x000000f582f00000)]
  0x0000024aad5e7000 JavaThread "Unconstrained build operations Thread 6" [_thread_blocked, id=1728, stack(0x000000f582f00000,0x000000f583000000)]
  0x0000024aad5e4800 JavaThread "Unconstrained build operations Thread 7" [_thread_blocked, id=2828, stack(0x000000f583000000,0x000000f583100000)]
  0x0000024aad5e8800 JavaThread "Unconstrained build operations Thread 8" [_thread_blocked, id=1712, stack(0x000000f583100000,0x000000f583200000)]
  0x0000024aad5e5800 JavaThread "Unconstrained build operations Thread 9" [_thread_blocked, id=9300, stack(0x000000f583200000,0x000000f583300000)]
  0x0000024aad5e8000 JavaThread "Unconstrained build operations Thread 10" [_thread_blocked, id=10096, stack(0x000000f583300000,0x000000f583400000)]
  0x0000024aadf37000 JavaThread "Unconstrained build operations Thread 11" [_thread_blocked, id=10000, stack(0x000000f583400000,0x000000f583500000)]
  0x0000024aadf3b000 JavaThread "Unconstrained build operations Thread 12" [_thread_blocked, id=3496, stack(0x000000f583500000,0x000000f583600000)]
  0x0000024aadf39800 JavaThread "Unconstrained build operations Thread 13" [_thread_blocked, id=3956, stack(0x000000f583600000,0x000000f583700000)]
  0x0000024aadf3c000 JavaThread "Unconstrained build operations Thread 14" [_thread_blocked, id=352, stack(0x000000f583700000,0x000000f583800000)]
  0x0000024aadf3c800 JavaThread "Unconstrained build operations Thread 15" [_thread_blocked, id=3596, stack(0x000000f583800000,0x000000f583900000)]
  0x0000024aadf3a800 JavaThread "Unconstrained build operations Thread 16" [_thread_blocked, id=1284, stack(0x000000f583900000,0x000000f583a00000)]
  0x0000024aadf3d800 JavaThread "Unconstrained build operations Thread 17" [_thread_blocked, id=8324, stack(0x000000f583a00000,0x000000f583b00000)]
  0x0000024aadf38000 JavaThread "Unconstrained build operations Thread 18" [_thread_blocked, id=4084, stack(0x000000f583b00000,0x000000f583c00000)]
  0x0000024aadf38800 JavaThread "Unconstrained build operations Thread 19" [_thread_blocked, id=3000, stack(0x000000f583c00000,0x000000f583d00000)]
  0x0000024aaf52d800 JavaThread "Unconstrained build operations Thread 20" [_thread_blocked, id=9976, stack(0x000000f583d00000,0x000000f583e00000)]
  0x0000024aaf531000 JavaThread "Unconstrained build operations Thread 21" [_thread_blocked, id=8180, stack(0x000000f583e00000,0x000000f583f00000)]
  0x0000024aaf52e800 JavaThread "Unconstrained build operations Thread 22" [_thread_blocked, id=4620, stack(0x000000f583f00000,0x000000f584000000)]
  0x0000024aaf52b000 JavaThread "Unconstrained build operations Thread 23" [_thread_blocked, id=8512, stack(0x000000f584000000,0x000000f584100000)]
  0x0000024aaf52f000 JavaThread "Unconstrained build operations Thread 24" [_thread_blocked, id=3140, stack(0x000000f584100000,0x000000f584200000)]
  0x0000024aaf530000 JavaThread "Unconstrained build operations Thread 25" [_thread_blocked, id=1608, stack(0x000000f584200000,0x000000f584300000)]
  0x0000024aaf531800 JavaThread "Unconstrained build operations Thread 26" [_thread_blocked, id=9948, stack(0x000000f584300000,0x000000f584400000)]
  0x0000024aaf52c800 JavaThread "Unconstrained build operations Thread 27" [_thread_blocked, id=3928, stack(0x000000f584400000,0x000000f584500000)]
  0x0000024aaf52c000 JavaThread "Unconstrained build operations Thread 28" [_thread_blocked, id=848, stack(0x000000f584500000,0x000000f584600000)]
  0x0000024aae7df000 JavaThread "Unconstrained build operations Thread 29" [_thread_blocked, id=5024, stack(0x000000f584600000,0x000000f584700000)]
  0x0000024aae7e1000 JavaThread "Unconstrained build operations Thread 30" [_thread_blocked, id=1564, stack(0x000000f584700000,0x000000f584800000)]
  0x0000024aae7de800 JavaThread "Unconstrained build operations Thread 31" [_thread_blocked, id=6844, stack(0x000000f584800000,0x000000f584900000)]
  0x0000024aae7e0000 JavaThread "Unconstrained build operations Thread 32" [_thread_blocked, id=8844, stack(0x000000f584900000,0x000000f584a00000)]
  0x0000024aae7e1800 JavaThread "Unconstrained build operations Thread 33" [_thread_blocked, id=9784, stack(0x000000f584a00000,0x000000f584b00000)]
  0x0000024aae7dc000 JavaThread "Unconstrained build operations Thread 34" [_thread_blocked, id=6200, stack(0x000000f584b00000,0x000000f584c00000)]
  0x0000024aae7e2800 JavaThread "Unconstrained build operations Thread 35" [_thread_blocked, id=4120, stack(0x000000f584c00000,0x000000f584d00000)]
  0x0000024aae7dd000 JavaThread "Unconstrained build operations Thread 36" [_thread_blocked, id=8544, stack(0x000000f584d00000,0x000000f584e00000)]
  0x0000024aae7e3800 JavaThread "Unconstrained build operations Thread 37" [_thread_blocked, id=7672, stack(0x000000f584e00000,0x000000f584f00000)]
  0x0000024aae7dd800 JavaThread "Unconstrained build operations Thread 38" [_thread_blocked, id=6384, stack(0x000000f584f00000,0x000000f585000000)]
  0x0000024aae7ea000 JavaThread "Unconstrained build operations Thread 39" [_thread_blocked, id=8596, stack(0x000000f585000000,0x000000f585100000)]
  0x0000024aae7e8000 JavaThread "Unconstrained build operations Thread 40" [_thread_blocked, id=9336, stack(0x000000f585100000,0x000000f585200000)]
  0x0000024aae7e9000 JavaThread "build event listener" [_thread_blocked, id=8368, stack(0x000000f585400000,0x000000f585500000)]
  0x0000024aae7e4000 JavaThread "Memory manager" [_thread_blocked, id=5440, stack(0x000000f585500000,0x000000f585600000)]
  0x0000024aae7ea800 JavaThread "included builds" [_thread_blocked, id=9740, stack(0x000000f585600000,0x000000f585700000)]
  0x0000024aae7e7800 JavaThread "Execution worker" [_thread_blocked, id=1388, stack(0x000000f585700000,0x000000f585800000)]
  0x0000024aae7e5000 JavaThread "Execution worker Thread 2" [_thread_blocked, id=4316, stack(0x000000f585800000,0x000000f585900000)]
  0x0000024aae7e6000 JavaThread "Execution worker Thread 3" [_thread_in_native, id=2020, stack(0x000000f585900000,0x000000f585a00000)]
  0x0000024aae7e6800 JavaThread "Cache worker for execution history cache (C:\Users\Aqib\AndroidStudioProjects\Tamir_project\.gradle\7.5\executionHistory)" [_thread_blocked, id=928, stack(0x000000f581700000,0x000000f581800000)]
  0x0000024ab1920800 JavaThread "WorkerExecutor Queue" [_thread_blocked, id=6528, stack(0x000000f585a00000,0x000000f585b00000)]
  0x0000024ab191f000 JavaThread "WorkerExecutor Queue Thread 2" [_thread_blocked, id=2176, stack(0x000000f585d00000,0x000000f585e00000)]
  0x0000024ab1924000 JavaThread "WorkerExecutor Queue Thread 3" [_thread_blocked, id=1844, stack(0x000000f585e00000,0x000000f585f00000)]
  0x0000024ab83ad000 JavaThread "C2 CompilerThread1" daemon [_thread_in_native, id=9452, stack(0x000000f585200000,0x000000f585300000)]
  0x0000024ab1927000 JavaThread "WorkerExecutor Queue Thread 5" [_thread_blocked, id=2000, stack(0x000000f585300000,0x000000f585400000)]

Other Threads:
  0x0000024aac938000 VMThread "VM Thread" [stack: 0x000000f580100000,0x000000f580200000] [id=4152]
  0x0000024aad452800 WatcherThread [stack: 0x000000f580b00000,0x000000f580c00000] [id=9284]
  0x0000024a92d7a000 GCTaskThread "GC Thread#0" [stack: 0x000000f5ffc00000,0x000000f5ffd00000] [id=7100]
  0x0000024aadbb3000 GCTaskThread "GC Thread#1" [stack: 0x000000f580c00000,0x000000f580d00000] [id=7176]
  0x0000024aae5e3800 GCTaskThread "GC Thread#2" [stack: 0x000000f580e00000,0x000000f580f00000] [id=2372]
  0x0000024aaf43d800 GCTaskThread "GC Thread#3" [stack: 0x000000f580f00000,0x000000f581000000] [id=3936]
  0x0000024a92dad800 ConcurrentGCThread "G1 Main Marker" [stack: 0x000000f5ffd00000,0x000000f5ffe00000] [id=2168]
  0x0000024a92dae800 ConcurrentGCThread "G1 Conc#0" [stack: 0x000000f5ffe00000,0x000000f5fff00000] [id=2684]
  0x0000024a92e06800 ConcurrentGCThread "G1 Refine#0" [stack: 0x000000f5fff00000,0x000000f600000000] [id=5680]
  0x0000024ab7918800 ConcurrentGCThread "G1 Refine#1" [stack: 0x000000f585c00000,0x000000f585d00000] [id=5204]
  0x0000024a92e07800 ConcurrentGCThread "G1 Young RemSet Sampling" [stack: 0x000000f580000000,0x000000f580100000] [id=2688]

Threads with active compile tasks:
C2 CompilerThread0   181571 21455       4       com.android.tools.r8.ir.regalloc.b::c (4031 bytes)
C2 CompilerThread1   181571 21685       4       org.gradle.internal.file.FileHierarchySet$Node::plus (337 bytes)

VM state:not at safepoint (normal execution)

VM Mutex/Monitor currently owned by a thread: None

OutOfMemory and StackOverflow Exception counts:
OutOfMemoryError java_heap_errors=1
LinkageErrors=182

Heap address: 0x0000000080000000, size: 2048 MB, Compressed Oops mode: 32-bit
Narrow klass base: 0x0000000000000000, Narrow klass shift: 3
Compressed class space size: 1073741824 Address: 0x0000000100000000

Heap:
 garbage-first heap   total 286720K, used 229144K [0x0000000080000000, 0x0000000100000000)
  region size 1024K, 91 young (93184K), 2 survivors (2048K)
 Metaspace       used 122849K, capacity 126826K, committed 127024K, reserved 1159168K
  class space    used 15495K, capacity 17016K, committed 17024K, reserved 1048576K
Heap Regions: E=young(eden), S=young(survivor), O=old, HS=humongous(starts), HC=humongous(continues), CS=collection set, F=free, A=archive, TAMS=top-at-mark-start (previous, next)
|   0|0x0000000080000000, 0x0000000080100000, 0x0000000080100000|100%|HS|  |TAMS 0x0000000080100000, 0x0000000080000000| Complete 
|   1|0x0000000080100000, 0x0000000080200000, 0x0000000080200000|100%|HC|  |TAMS 0x0000000080200000, 0x0000000080100000| Complete 
|   2|0x0000000080200000, 0x0000000080300000, 0x0000000080300000|100%|HC|  |TAMS 0x0000000080300000, 0x0000000080200000| Complete 
|   3|0x0000000080300000, 0x0000000080400000, 0x0000000080400000|100%| O|  |TAMS 0x0000000080400000, 0x0000000080300000| Untracked 
|   4|0x0000000080400000, 0x0000000080500000, 0x0000000080500000|100%| O|  |TAMS 0x0000000080500000, 0x0000000080400000| Untracked 
|   5|0x0000000080500000, 0x0000000080600000, 0x0000000080600000|100%| O|  |TAMS 0x0000000080600000, 0x0000000080500000| Untracked 
|   6|0x0000000080600000, 0x0000000080700000, 0x0000000080700000|100%| O|  |TAMS 0x0000000080700000, 0x0000000080600000| Untracked 
|   7|0x0000000080700000, 0x0000000080800000, 0x0000000080800000|100%| O|  |TAMS 0x0000000080800000, 0x0000000080700000| Untracked 
|   8|0x0000000080800000, 0x0000000080900000, 0x0000000080900000|100%| O|  |TAMS 0x0000000080900000, 0x0000000080800000| Untracked 
|   9|0x0000000080900000, 0x0000000080a00000, 0x0000000080a00000|100%| O|  |TAMS 0x0000000080a00000, 0x0000000080900000| Untracked 
|  10|0x0000000080a00000, 0x0000000080b00000, 0x0000000080b00000|100%| O|  |TAMS 0x0000000080b00000, 0x0000000080a00000| Untracked 
|  11|0x0000000080b00000, 0x0000000080c00000, 0x0000000080c00000|100%| O|  |TAMS 0x0000000080c00000, 0x0000000080b00000| Untracked 
|  12|0x0000000080c00000, 0x0000000080d00000, 0x0000000080d00000|100%| O|  |TAMS 0x0000000080d00000, 0x0000000080c00000| Untracked 
|  13|0x0000000080d00000, 0x0000000080e00000, 0x0000000080e00000|100%| O|  |TAMS 0x0000000080e00000, 0x0000000080d00000| Untracked 
|  14|0x0000000080e00000, 0x0000000080f00000, 0x0000000080f00000|100%| O|  |TAMS 0x0000000080f00000, 0x0000000080e00000| Untracked 
|  15|0x0000000080f00000, 0x0000000081000000, 0x0000000081000000|100%| O|  |TAMS 0x0000000081000000, 0x0000000080f00000| Untracked 
|  16|0x0000000081000000, 0x0000000081100000, 0x0000000081100000|100%| O|  |TAMS 0x0000000081100000, 0x0000000081000000| Untracked 
|  17|0x0000000081100000, 0x0000000081200000, 0x0000000081200000|100%| O|  |TAMS 0x0000000081200000, 0x0000000081100000| Untracked 
|  18|0x0000000081200000, 0x0000000081300000, 0x0000000081300000|100%| O|  |TAMS 0x0000000081300000, 0x0000000081200000| Untracked 
|  19|0x0000000081300000, 0x0000000081400000, 0x0000000081400000|100%| O|  |TAMS 0x0000000081400000, 0x0000000081300000| Untracked 
|  20|0x0000000081400000, 0x0000000081500000, 0x0000000081500000|100%| O|  |TAMS 0x0000000081500000, 0x0000000081400000| Untracked 
|  21|0x0000000081500000, 0x0000000081600000, 0x0000000081600000|100%| O|  |TAMS 0x0000000081600000, 0x0000000081500000| Untracked 
|  22|0x0000000081600000, 0x0000000081700000, 0x0000000081700000|100%| O|  |TAMS 0x0000000081700000, 0x0000000081600000| Untracked 
|  23|0x0000000081700000, 0x0000000081800000, 0x0000000081800000|100%| O|  |TAMS 0x0000000081800000, 0x0000000081700000| Untracked 
|  24|0x0000000081800000, 0x0000000081900000, 0x0000000081900000|100%| O|  |TAMS 0x0000000081900000, 0x0000000081800000| Untracked 
|  25|0x0000000081900000, 0x0000000081a00000, 0x0000000081a00000|100%| O|  |TAMS 0x0000000081a00000, 0x0000000081900000| Untracked 
|  26|0x0000000081a00000, 0x0000000081b00000, 0x0000000081b00000|100%| O|  |TAMS 0x0000000081b00000, 0x0000000081a00000| Untracked 
|  27|0x0000000081b00000, 0x0000000081c00000, 0x0000000081c00000|100%| O|  |TAMS 0x0000000081c00000, 0x0000000081b00000| Untracked 
|  28|0x0000000081c00000, 0x0000000081d00000, 0x0000000081d00000|100%| O|  |TAMS 0x0000000081d00000, 0x0000000081c00000| Untracked 
|  29|0x0000000081d00000, 0x0000000081e00000, 0x0000000081e00000|100%| O|  |TAMS 0x0000000081e00000, 0x0000000081d00000| Untracked 
|  30|0x0000000081e00000, 0x0000000081f00000, 0x0000000081f00000|100%| O|  |TAMS 0x0000000081f00000, 0x0000000081e00000| Untracked 
|  31|0x0000000081f00000, 0x0000000082000000, 0x0000000082000000|100%|HS|  |TAMS 0x0000000082000000, 0x0000000081f00000| Complete 
|  32|0x0000000082000000, 0x0000000082100000, 0x0000000082100000|100%| O|  |TAMS 0x0000000082100000, 0x0000000082000000| Untracked 
|  33|0x0000000082100000, 0x0000000082200000, 0x0000000082200000|100%| O|  |TAMS 0x0000000082200000, 0x0000000082100000| Untracked 
|  34|0x0000000082200000, 0x0000000082300000, 0x0000000082300000|100%|HS|  |TAMS 0x0000000082300000, 0x0000000082200000| Complete 
|  35|0x0000000082300000, 0x0000000082400000, 0x0000000082400000|100%| O|  |TAMS 0x0000000082400000, 0x0000000082300000| Untracked 
|  36|0x0000000082400000, 0x0000000082500000, 0x0000000082500000|100%| O|  |TAMS 0x0000000082500000, 0x0000000082400000| Untracked 
|  37|0x0000000082500000, 0x0000000082600000, 0x0000000082600000|100%| O|  |TAMS 0x0000000082600000, 0x0000000082500000| Untracked 
|  38|0x0000000082600000, 0x0000000082700000, 0x0000000082700000|100%| O|  |TAMS 0x0000000082700000, 0x0000000082600000| Untracked 
|  39|0x0000000082700000, 0x0000000082800000, 0x0000000082800000|100%| O|  |TAMS 0x0000000082800000, 0x0000000082700000| Untracked 
|  40|0x0000000082800000, 0x0000000082900000, 0x0000000082900000|100%| O|  |TAMS 0x0000000082900000, 0x0000000082800000| Untracked 
|  41|0x0000000082900000, 0x0000000082a00000, 0x0000000082a00000|100%| O|  |TAMS 0x0000000082a00000, 0x0000000082900000| Untracked 
|  42|0x0000000082a00000, 0x0000000082b00000, 0x0000000082b00000|100%| O|  |TAMS 0x0000000082b00000, 0x0000000082a00000| Untracked 
|  43|0x0000000082b00000, 0x0000000082c00000, 0x0000000082c00000|100%| O|  |TAMS 0x0000000082c00000, 0x0000000082b00000| Untracked 
|  44|0x0000000082c00000, 0x0000000082d00000, 0x0000000082d00000|100%| O|  |TAMS 0x0000000082d00000, 0x0000000082c00000| Untracked 
|  45|0x0000000082d00000, 0x0000000082e00000, 0x0000000082e00000|100%| O|  |TAMS 0x0000000082e00000, 0x0000000082d00000| Untracked 
|  46|0x0000000082e00000, 0x0000000082f00000, 0x0000000082f00000|100%| O|  |TAMS 0x0000000082f00000, 0x0000000082e00000| Untracked 
|  47|0x0000000082f00000, 0x0000000083000000, 0x0000000083000000|100%| O|  |TAMS 0x0000000083000000, 0x0000000082f00000| Untracked 
|  48|0x0000000083000000, 0x0000000083100000, 0x0000000083100000|100%| O|  |TAMS 0x0000000083100000, 0x0000000083000000| Untracked 
|  49|0x0000000083100000, 0x0000000083200000, 0x0000000083200000|100%| O|  |TAMS 0x0000000083200000, 0x0000000083100000| Untracked 
|  50|0x0000000083200000, 0x0000000083300000, 0x0000000083300000|100%| O|  |TAMS 0x0000000083300000, 0x0000000083200000| Untracked 
|  51|0x0000000083300000, 0x0000000083400000, 0x0000000083400000|100%| O|  |TAMS 0x0000000083400000, 0x0000000083300000| Untracked 
|  52|0x0000000083400000, 0x0000000083500000, 0x0000000083500000|100%| O|  |TAMS 0x0000000083500000, 0x0000000083400000| Untracked 
|  53|0x0000000083500000, 0x0000000083600000, 0x0000000083600000|100%| O|  |TAMS 0x0000000083600000, 0x0000000083500000| Untracked 
|  54|0x0000000083600000, 0x0000000083700000, 0x0000000083700000|100%| O|  |TAMS 0x0000000083700000, 0x0000000083600000| Untracked 
|  55|0x0000000083700000, 0x0000000083800000, 0x0000000083800000|100%| O|  |TAMS 0x0000000083800000, 0x0000000083700000| Untracked 
|  56|0x0000000083800000, 0x0000000083900000, 0x0000000083900000|100%| O|  |TAMS 0x0000000083900000, 0x0000000083800000| Untracked 
|  57|0x0000000083900000, 0x0000000083a00000, 0x0000000083a00000|100%| O|  |TAMS 0x0000000083a00000, 0x0000000083900000| Untracked 
|  58|0x0000000083a00000, 0x0000000083b00000, 0x0000000083b00000|100%| O|  |TAMS 0x0000000083b00000, 0x0000000083a00000| Untracked 
|  59|0x0000000083b00000, 0x0000000083c00000, 0x0000000083c00000|100%| O|  |TAMS 0x0000000083c00000, 0x0000000083b00000| Untracked 
|  60|0x0000000083c00000, 0x0000000083d00000, 0x0000000083d00000|100%| O|  |TAMS 0x0000000083d00000, 0x0000000083c00000| Untracked 
|  61|0x0000000083d00000, 0x0000000083e00000, 0x0000000083e00000|100%| O|  |TAMS 0x0000000083e00000, 0x0000000083d00000| Untracked 
|  62|0x0000000083e00000, 0x0000000083f00000, 0x0000000083f00000|100%| O|  |TAMS 0x0000000083f00000, 0x0000000083e00000| Untracked 
|  63|0x0000000083f00000, 0x0000000084000000, 0x0000000084000000|100%| O|  |TAMS 0x0000000084000000, 0x0000000083f00000| Untracked 
|  64|0x0000000084000000, 0x0000000084100000, 0x0000000084100000|100%| O|  |TAMS 0x0000000084100000, 0x0000000084000000| Untracked 
|  65|0x0000000084100000, 0x0000000084200000, 0x0000000084200000|100%| O|  |TAMS 0x0000000084200000, 0x0000000084100000| Untracked 
|  66|0x0000000084200000, 0x0000000084300000, 0x0000000084300000|100%| O|  |TAMS 0x0000000084300000, 0x0000000084200000| Untracked 
|  67|0x0000000084300000, 0x0000000084400000, 0x0000000084400000|100%| O|  |TAMS 0x0000000084400000, 0x0000000084300000| Untracked 
|  68|0x0000000084400000, 0x0000000084500000, 0x0000000084500000|100%| O|  |TAMS 0x0000000084500000, 0x0000000084400000| Untracked 
|  69|0x0000000084500000, 0x0000000084600000, 0x0000000084600000|100%| O|  |TAMS 0x0000000084600000, 0x0000000084500000| Untracked 
|  70|0x0000000084600000, 0x0000000084700000, 0x0000000084700000|100%| O|  |TAMS 0x0000000084700000, 0x0000000084600000| Untracked 
|  71|0x0000000084700000, 0x0000000084800000, 0x0000000084800000|100%| O|  |TAMS 0x0000000084800000, 0x0000000084700000| Untracked 
|  72|0x0000000084800000, 0x0000000084900000, 0x0000000084900000|100%| O|  |TAMS 0x0000000084900000, 0x0000000084800000| Untracked 
|  73|0x0000000084900000, 0x0000000084a00000, 0x0000000084a00000|100%| O|  |TAMS 0x0000000084900000, 0x0000000084900000| Untracked 
|  74|0x0000000084a00000, 0x0000000084b00000, 0x0000000084b00000|100%| O|  |TAMS 0x0000000084aa9c00, 0x0000000084a00000| Untracked 
|  75|0x0000000084b00000, 0x0000000084c00000, 0x0000000084c00000|100%| O|  |TAMS 0x0000000084b00000, 0x0000000084b00000| Untracked 
|  76|0x0000000084c00000, 0x0000000084d00000, 0x0000000084d00000|100%| O|  |TAMS 0x0000000084c00000, 0x0000000084c00000| Untracked 
|  77|0x0000000084d00000, 0x0000000084e00000, 0x0000000084e00000|100%| O|  |TAMS 0x0000000084d00000, 0x0000000084d00000| Untracked 
|  78|0x0000000084e00000, 0x0000000084f00000, 0x0000000084f00000|100%| O|  |TAMS 0x0000000084f00000, 0x0000000084e00000| Untracked 
|  79|0x0000000084f00000, 0x0000000085000000, 0x0000000085000000|100%| O|  |TAMS 0x0000000084f00000, 0x0000000084f00000| Untracked 
|  80|0x0000000085000000, 0x0000000085100000, 0x0000000085100000|100%| O|  |TAMS 0x0000000085000000, 0x0000000085000000| Untracked 
|  81|0x0000000085100000, 0x0000000085200000, 0x0000000085200000|100%| O|  |TAMS 0x0000000085200000, 0x0000000085100000| Untracked 
|  82|0x0000000085200000, 0x0000000085300000, 0x0000000085300000|100%| O|  |TAMS 0x0000000085300000, 0x0000000085200000| Untracked 
|  83|0x0000000085300000, 0x0000000085400000, 0x0000000085400000|100%| O|  |TAMS 0x0000000085400000, 0x0000000085300000| Untracked 
|  84|0x0000000085400000, 0x0000000085500000, 0x0000000085500000|100%| O|  |TAMS 0x0000000085500000, 0x0000000085400000| Untracked 
|  85|0x0000000085500000, 0x0000000085600000, 0x0000000085600000|100%| O|  |TAMS 0x0000000085500000, 0x0000000085500000| Untracked 
|  86|0x0000000085600000, 0x0000000085700000, 0x0000000085700000|100%| O|  |TAMS 0x0000000085700000, 0x0000000085600000| Untracked 
|  87|0x0000000085700000, 0x0000000085800000, 0x0000000085800000|100%| O|  |TAMS 0x0000000085700000, 0x0000000085700000| Untracked 
|  88|0x0000000085800000, 0x0000000085900000, 0x0000000085900000|100%| O|  |TAMS 0x0000000085800000, 0x0000000085800000| Untracked 
|  89|0x0000000085900000, 0x0000000085a00000, 0x0000000085a00000|100%| O|  |TAMS 0x0000000085900000, 0x0000000085900000| Untracked 
|  90|0x0000000085a00000, 0x0000000085b00000, 0x0000000085b00000|100%| O|  |TAMS 0x0000000085a00000, 0x0000000085a00000| Untracked 
|  91|0x0000000085b00000, 0x0000000085c00000, 0x0000000085c00000|100%| O|  |TAMS 0x0000000085b00000, 0x0000000085b00000| Untracked 
|  92|0x0000000085c00000, 0x0000000085d00000, 0x0000000085d00000|100%| O|  |TAMS 0x0000000085c00000, 0x0000000085c00000| Untracked 
|  93|0x0000000085d00000, 0x0000000085e00000, 0x0000000085e00000|100%| O|  |TAMS 0x0000000085d00000, 0x0000000085d00000| Untracked 
|  94|0x0000000085e00000, 0x0000000085f00000, 0x0000000085f00000|100%| O|  |TAMS 0x0000000085e00000, 0x0000000085e00000| Untracked 
|  95|0x0000000085f00000, 0x0000000086000000, 0x0000000086000000|100%| O|  |TAMS 0x0000000085f00000, 0x0000000085f00000| Untracked 
|  96|0x0000000086000000, 0x0000000086100000, 0x0000000086100000|100%| O|  |TAMS 0x0000000086000000, 0x0000000086000000| Untracked 
|  97|0x0000000086100000, 0x0000000086200000, 0x0000000086200000|100%| O|  |TAMS 0x0000000086100000, 0x0000000086100000| Untracked 
|  98|0x0000000086200000, 0x0000000086300000, 0x0000000086300000|100%| O|  |TAMS 0x0000000086300000, 0x0000000086200000| Untracked 
|  99|0x0000000086300000, 0x0000000086400000, 0x0000000086400000|100%| O|  |TAMS 0x0000000086400000, 0x0000000086300000| Untracked 
| 100|0x0000000086400000, 0x0000000086500000, 0x0000000086500000|100%| O|  |TAMS 0x0000000086400000, 0x0000000086400000| Untracked 
| 101|0x0000000086500000, 0x0000000086600000, 0x0000000086600000|100%| O|  |TAMS 0x0000000086500000, 0x0000000086500000| Untracked 
| 102|0x0000000086600000, 0x0000000086700000, 0x0000000086700000|100%| O|  |TAMS 0x0000000086700000, 0x0000000086600000| Untracked 
| 103|0x0000000086700000, 0x0000000086800000, 0x0000000086800000|100%| O|  |TAMS 0x0000000086700000, 0x0000000086700000| Untracked 
| 104|0x0000000086800000, 0x0000000086900000, 0x0000000086900000|100%| O|  |TAMS 0x0000000086800000, 0x0000000086800000| Untracked 
| 105|0x0000000086900000, 0x0000000086a00000, 0x0000000086a00000|100%| O|  |TAMS 0x0000000086900000, 0x0000000086900000| Untracked 
| 106|0x0000000086a00000, 0x0000000086b00000, 0x0000000086b00000|100%| O|  |TAMS 0x0000000086a00000, 0x0000000086a00000| Untracked 
| 107|0x0000000086b00000, 0x0000000086c00000, 0x0000000086c00000|100%| O|  |TAMS 0x0000000086b00000, 0x0000000086b00000| Untracked 
| 108|0x0000000086c00000, 0x0000000086d00000, 0x0000000086d00000|100%| O|  |TAMS 0x0000000086c00000, 0x0000000086c00000| Untracked 
| 109|0x0000000086d00000, 0x0000000086e00000, 0x0000000086e00000|100%| O|  |TAMS 0x0000000086d00000, 0x0000000086d00000| Untracked 
| 110|0x0000000086e00000, 0x0000000086f00000, 0x0000000086f00000|100%| O|  |TAMS 0x0000000086e00000, 0x0000000086e00000| Untracked 
| 111|0x0000000086f00000, 0x0000000087000000, 0x0000000087000000|100%| O|  |TAMS 0x0000000086f00000, 0x0000000086f00000| Untracked 
| 112|0x0000000087000000, 0x0000000087100000, 0x0000000087100000|100%| O|  |TAMS 0x0000000087000000, 0x0000000087000000| Untracked 
| 113|0x0000000087100000, 0x0000000087200000, 0x0000000087200000|100%| O|  |TAMS 0x0000000087200000, 0x0000000087100000| Untracked 
| 114|0x0000000087200000, 0x0000000087300000, 0x0000000087300000|100%| O|  |TAMS 0x0000000087200000, 0x0000000087200000| Untracked 
| 115|0x0000000087300000, 0x0000000087400000, 0x0000000087400000|100%| O|  |TAMS 0x0000000087300000, 0x0000000087300000| Untracked 
| 116|0x0000000087400000, 0x0000000087500000, 0x0000000087500000|100%| O|  |TAMS 0x0000000087400000, 0x0000000087400000| Untracked 
| 117|0x0000000087500000, 0x0000000087600000, 0x0000000087600000|100%| O|  |TAMS 0x0000000087500000, 0x0000000087500000| Untracked 
| 118|0x0000000087600000, 0x0000000087700000, 0x0000000087700000|100%| O|  |TAMS 0x0000000087600000, 0x0000000087600000| Untracked 
| 119|0x0000000087700000, 0x0000000087800000, 0x0000000087800000|100%| O|  |TAMS 0x0000000087700000, 0x0000000087700000| Untracked 
| 120|0x0000000087800000, 0x0000000087900000, 0x0000000087900000|100%| O|  |TAMS 0x0000000087800000, 0x0000000087800000| Untracked 
| 121|0x0000000087900000, 0x0000000087a00000, 0x0000000087a00000|100%| O|  |TAMS 0x0000000087900000, 0x0000000087900000| Untracked 
| 122|0x0000000087a00000, 0x0000000087b00000, 0x0000000087b00000|100%| O|  |TAMS 0x0000000087a00000, 0x0000000087a00000| Untracked 
| 123|0x0000000087b00000, 0x0000000087c00000, 0x0000000087c00000|100%|HS|  |TAMS 0x0000000087b00000, 0x0000000087b00000| Complete 
| 124|0x0000000087c00000, 0x0000000087d00000, 0x0000000087d00000|100%|HS|  |TAMS 0x0000000087c00000, 0x0000000087c00000| Complete 
| 125|0x0000000087d00000, 0x0000000087e00000, 0x0000000087e00000|100%|HC|  |TAMS 0x0000000087d00000, 0x0000000087d00000| Complete 
| 126|0x0000000087e00000, 0x0000000087f00000, 0x0000000087f00000|100%|HS|  |TAMS 0x0000000087e00000, 0x0000000087e00000| Complete 
| 127|0x0000000087f00000, 0x0000000088000000, 0x0000000088000000|100%|HS|  |TAMS 0x0000000087f00000, 0x0000000087f00000| Complete 
| 128|0x0000000088000000, 0x0000000088100000, 0x0000000088100000|100%|HS|  |TAMS 0x0000000088000000, 0x0000000088000000| Complete 
| 129|0x0000000088100000, 0x0000000088200000, 0x0000000088200000|100%|HC|  |TAMS 0x0000000088100000, 0x0000000088100000| Complete 
| 130|0x0000000088200000, 0x0000000088300000, 0x0000000088300000|100%|HS|  |TAMS 0x0000000088200000, 0x0000000088200000| Complete 
| 131|0x0000000088300000, 0x0000000088400000, 0x0000000088400000|100%|HC|  |TAMS 0x0000000088300000, 0x0000000088300000| Complete 
| 132|0x0000000088400000, 0x0000000088500000, 0x0000000088500000|100%|HS|  |TAMS 0x0000000088400000, 0x0000000088400000| Complete 
| 133|0x0000000088500000, 0x0000000088600000, 0x0000000088600000|100%|HC|  |TAMS 0x0000000088500000, 0x0000000088500000| Complete 
| 134|0x0000000088600000, 0x0000000088700000, 0x0000000088700000|100%|HC|  |TAMS 0x0000000088600000, 0x0000000088600000| Complete 
| 135|0x0000000088700000, 0x0000000088700000, 0x0000000088800000|  0%| F|  |TAMS 0x0000000088700000, 0x0000000088700000| Untracked 
| 136|0x0000000088800000, 0x0000000088800000, 0x0000000088900000|  0%| F|  |TAMS 0x0000000088800000, 0x0000000088800000| Untracked 
| 137|0x0000000088900000, 0x0000000088900000, 0x0000000088a00000|  0%| F|  |TAMS 0x0000000088900000, 0x0000000088900000| Untracked 
| 138|0x0000000088a00000, 0x0000000088a00000, 0x0000000088b00000|  0%| F|  |TAMS 0x0000000088a00000, 0x0000000088a00000| Untracked 
| 139|0x0000000088b00000, 0x0000000088b00000, 0x0000000088c00000|  0%| F|  |TAMS 0x0000000088b00000, 0x0000000088b00000| Untracked 
| 140|0x0000000088c00000, 0x0000000088c00000, 0x0000000088d00000|  0%| F|  |TAMS 0x0000000088c00000, 0x0000000088c00000| Untracked 
| 141|0x0000000088d00000, 0x0000000088d00000, 0x0000000088e00000|  0%| F|  |TAMS 0x0000000088d00000, 0x0000000088d00000| Untracked 
| 142|0x0000000088e00000, 0x0000000088e00000, 0x0000000088f00000|  0%| F|  |TAMS 0x0000000088e00000, 0x0000000088e00000| Untracked 
| 143|0x0000000088f00000, 0x0000000088f00000, 0x0000000089000000|  0%| F|  |TAMS 0x0000000088f00000, 0x0000000088f00000| Untracked 
| 144|0x0000000089000000, 0x0000000089000000, 0x0000000089100000|  0%| F|  |TAMS 0x0000000089000000, 0x0000000089000000| Untracked 
| 145|0x0000000089100000, 0x0000000089100000, 0x0000000089200000|  0%| F|  |TAMS 0x0000000089100000, 0x0000000089100000| Untracked 
| 146|0x0000000089200000, 0x0000000089200000, 0x0000000089300000|  0%| F|  |TAMS 0x0000000089200000, 0x0000000089200000| Untracked 
| 147|0x0000000089300000, 0x0000000089300000, 0x0000000089400000|  0%| F|  |TAMS 0x0000000089300000, 0x0000000089300000| Untracked 
| 148|0x0000000089400000, 0x0000000089400000, 0x0000000089500000|  0%| F|  |TAMS 0x0000000089400000, 0x0000000089400000| Untracked 
| 149|0x0000000089500000, 0x0000000089500000, 0x0000000089600000|  0%| F|  |TAMS 0x0000000089500000, 0x0000000089500000| Untracked 
| 150|0x0000000089600000, 0x0000000089600000, 0x0000000089700000|  0%| F|  |TAMS 0x0000000089600000, 0x0000000089600000| Untracked 
| 151|0x0000000089700000, 0x0000000089700000, 0x0000000089800000|  0%| F|  |TAMS 0x0000000089700000, 0x0000000089700000| Untracked 
| 152|0x0000000089800000, 0x0000000089800000, 0x0000000089900000|  0%| F|  |TAMS 0x0000000089800000, 0x0000000089800000| Untracked 
| 153|0x0000000089900000, 0x0000000089900000, 0x0000000089a00000|  0%| F|  |TAMS 0x0000000089900000, 0x0000000089900000| Untracked 
| 154|0x0000000089a00000, 0x0000000089a00000, 0x0000000089b00000|  0%| F|  |TAMS 0x0000000089a00000, 0x0000000089a00000| Untracked 
| 155|0x0000000089b00000, 0x0000000089b00000, 0x0000000089c00000|  0%| F|  |TAMS 0x0000000089b00000, 0x0000000089b00000| Untracked 
| 156|0x0000000089c00000, 0x0000000089c00000, 0x0000000089d00000|  0%| F|  |TAMS 0x0000000089c00000, 0x0000000089c00000| Untracked 
| 157|0x0000000089d00000, 0x0000000089d00000, 0x0000000089e00000|  0%| F|  |TAMS 0x0000000089d00000, 0x0000000089d00000| Untracked 
| 158|0x0000000089e00000, 0x0000000089e00000, 0x0000000089f00000|  0%| F|  |TAMS 0x0000000089e00000, 0x0000000089e00000| Untracked 
| 159|0x0000000089f00000, 0x0000000089f00000, 0x000000008a000000|  0%| F|  |TAMS 0x0000000089f00000, 0x0000000089f00000| Untracked 
| 160|0x000000008a000000, 0x000000008a000000, 0x000000008a100000|  0%| F|  |TAMS 0x000000008a000000, 0x000000008a000000| Untracked 
| 161|0x000000008a100000, 0x000000008a100000, 0x000000008a200000|  0%| F|  |TAMS 0x000000008a100000, 0x000000008a100000| Untracked 
| 162|0x000000008a200000, 0x000000008a200000, 0x000000008a300000|  0%| F|  |TAMS 0x000000008a200000, 0x000000008a200000| Untracked 
| 163|0x000000008a300000, 0x000000008a300000, 0x000000008a400000|  0%| F|  |TAMS 0x000000008a300000, 0x000000008a300000| Untracked 
| 164|0x000000008a400000, 0x000000008a400000, 0x000000008a500000|  0%| F|  |TAMS 0x000000008a400000, 0x000000008a400000| Untracked 
| 165|0x000000008a500000, 0x000000008a500000, 0x000000008a600000|  0%| F|  |TAMS 0x000000008a500000, 0x000000008a500000| Untracked 
| 166|0x000000008a600000, 0x000000008a600000, 0x000000008a700000|  0%| F|  |TAMS 0x000000008a600000, 0x000000008a600000| Untracked 
| 167|0x000000008a700000, 0x000000008a700000, 0x000000008a800000|  0%| F|  |TAMS 0x000000008a700000, 0x000000008a700000| Untracked 
| 168|0x000000008a800000, 0x000000008a800000, 0x000000008a900000|  0%| F|  |TAMS 0x000000008a800000, 0x000000008a800000| Untracked 
| 169|0x000000008a900000, 0x000000008a900000, 0x000000008aa00000|  0%| F|  |TAMS 0x000000008a900000, 0x000000008a900000| Untracked 
| 170|0x000000008aa00000, 0x000000008aa00000, 0x000000008ab00000|  0%| F|  |TAMS 0x000000008aa00000, 0x000000008aa00000| Untracked 
| 171|0x000000008ab00000, 0x000000008ab00000, 0x000000008ac00000|  0%| F|  |TAMS 0x000000008ab00000, 0x000000008ab00000| Untracked 
| 172|0x000000008ac00000, 0x000000008ac00000, 0x000000008ad00000|  0%| F|  |TAMS 0x000000008ac00000, 0x000000008ac00000| Untracked 
| 173|0x000000008ad00000, 0x000000008ad00000, 0x000000008ae00000|  0%| F|  |TAMS 0x000000008ad00000, 0x000000008ad00000| Untracked 
| 174|0x000000008ae00000, 0x000000008ae00000, 0x000000008af00000|  0%| F|  |TAMS 0x000000008ae00000, 0x000000008ae00000| Untracked 
| 175|0x000000008af00000, 0x000000008af00000, 0x000000008b000000|  0%| F|  |TAMS 0x000000008af00000, 0x000000008af00000| Untracked 
| 176|0x000000008b000000, 0x000000008b000000, 0x000000008b100000|  0%| F|  |TAMS 0x000000008b000000, 0x000000008b000000| Untracked 
| 177|0x000000008b100000, 0x000000008b100000, 0x000000008b200000|  0%| F|  |TAMS 0x000000008b100000, 0x000000008b100000| Untracked 
| 178|0x000000008b200000, 0x000000008b200000, 0x000000008b300000|  0%| F|  |TAMS 0x000000008b200000, 0x000000008b200000| Untracked 
| 179|0x000000008b300000, 0x000000008b300000, 0x000000008b400000|  0%| F|  |TAMS 0x000000008b300000, 0x000000008b300000| Untracked 
| 180|0x000000008b400000, 0x000000008b400000, 0x000000008b500000|  0%| F|  |TAMS 0x000000008b400000, 0x000000008b400000| Untracked 
| 181|0x000000008b500000, 0x000000008b500000, 0x000000008b600000|  0%| F|  |TAMS 0x000000008b500000, 0x000000008b500000| Untracked 
| 182|0x000000008b600000, 0x000000008b600000, 0x000000008b700000|  0%| F|  |TAMS 0x000000008b600000, 0x000000008b600000| Untracked 
| 183|0x000000008b700000, 0x000000008b700000, 0x000000008b800000|  0%| F|  |TAMS 0x000000008b700000, 0x000000008b700000| Untracked 
| 184|0x000000008b800000, 0x000000008b800000, 0x000000008b900000|  0%| F|  |TAMS 0x000000008b800000, 0x000000008b800000| Untracked 
| 185|0x000000008b900000, 0x000000008b900000, 0x000000008ba00000|  0%| F|  |TAMS 0x000000008b900000, 0x000000008b900000| Untracked 
| 186|0x000000008ba00000, 0x000000008ba00000, 0x000000008bb00000|  0%| F|  |TAMS 0x000000008ba00000, 0x000000008ba00000| Untracked 
| 187|0x000000008bb00000, 0x000000008bb00000, 0x000000008bc00000|  0%| F|  |TAMS 0x000000008bb00000, 0x000000008bb00000| Untracked 
| 188|0x000000008bc00000, 0x000000008bc00000, 0x000000008bd00000|  0%| F|  |TAMS 0x000000008bc00000, 0x000000008bc00000| Untracked 
| 189|0x000000008bd00000, 0x000000008bda38d0, 0x000000008be00000| 63%| E|  |TAMS 0x000000008bd00000, 0x000000008bd00000| Complete 
| 190|0x000000008be00000, 0x000000008bec6180, 0x000000008bf00000| 77%| S|CS|TAMS 0x000000008be00000, 0x000000008be00000| Complete 
| 191|0x000000008bf00000, 0x000000008c000000, 0x000000008c000000|100%| S|CS|TAMS 0x000000008bf00000, 0x000000008bf00000| Complete 
| 192|0x000000008c000000, 0x000000008c100000, 0x000000008c100000|100%| E|CS|TAMS 0x000000008c000000, 0x000000008c000000| Complete 
| 193|0x000000008c100000, 0x000000008c200000, 0x000000008c200000|100%| E|CS|TAMS 0x000000008c100000, 0x000000008c100000| Complete 
| 194|0x000000008c200000, 0x000000008c300000, 0x000000008c300000|100%| E|CS|TAMS 0x000000008c200000, 0x000000008c200000| Complete 
| 195|0x000000008c300000, 0x000000008c400000, 0x000000008c400000|100%| E|  |TAMS 0x000000008c300000, 0x000000008c300000| Complete 
| 196|0x000000008c400000, 0x000000008c500000, 0x000000008c500000|100%| E|CS|TAMS 0x000000008c400000, 0x000000008c400000| Complete 
| 197|0x000000008c500000, 0x000000008c600000, 0x000000008c600000|100%| E|CS|TAMS 0x000000008c500000, 0x000000008c500000| Complete 
| 198|0x000000008c600000, 0x000000008c700000, 0x000000008c700000|100%| E|CS|TAMS 0x000000008c600000, 0x000000008c600000| Complete 
| 199|0x000000008c700000, 0x000000008c800000, 0x000000008c800000|100%| E|CS|TAMS 0x000000008c700000, 0x000000008c700000| Complete 
| 200|0x000000008c800000, 0x000000008c900000, 0x000000008c900000|100%| E|CS|TAMS 0x000000008c800000, 0x000000008c800000| Complete 
| 201|0x000000008c900000, 0x000000008ca00000, 0x000000008ca00000|100%| E|CS|TAMS 0x000000008c900000, 0x000000008c900000| Complete 
| 202|0x000000008ca00000, 0x000000008cb00000, 0x000000008cb00000|100%| E|CS|TAMS 0x000000008ca00000, 0x000000008ca00000| Complete 
| 203|0x000000008cb00000, 0x000000008cc00000, 0x000000008cc00000|100%| E|CS|TAMS 0x000000008cb00000, 0x000000008cb00000| Complete 
| 204|0x000000008cc00000, 0x000000008cd00000, 0x000000008cd00000|100%| E|CS|TAMS 0x000000008cc00000, 0x000000008cc00000| Complete 
| 205|0x000000008cd00000, 0x000000008ce00000, 0x000000008ce00000|100%| E|CS|TAMS 0x000000008cd00000, 0x000000008cd00000| Complete 
| 206|0x000000008ce00000, 0x000000008cf00000, 0x000000008cf00000|100%| E|CS|TAMS 0x000000008ce00000, 0x000000008ce00000| Complete 
| 207|0x000000008cf00000, 0x000000008d000000, 0x000000008d000000|100%| E|CS|TAMS 0x000000008cf00000, 0x000000008cf00000| Complete 
| 208|0x000000008d000000, 0x000000008d100000, 0x000000008d100000|100%| E|CS|TAMS 0x000000008d000000, 0x000000008d000000| Complete 
| 209|0x000000008d100000, 0x000000008d200000, 0x000000008d200000|100%| E|CS|TAMS 0x000000008d100000, 0x000000008d100000| Complete 
| 210|0x000000008d200000, 0x000000008d300000, 0x000000008d300000|100%| E|CS|TAMS 0x000000008d200000, 0x000000008d200000| Complete 
| 211|0x000000008d300000, 0x000000008d400000, 0x000000008d400000|100%| E|CS|TAMS 0x000000008d300000, 0x000000008d300000| Complete 
| 212|0x000000008d400000, 0x000000008d500000, 0x000000008d500000|100%| E|CS|TAMS 0x000000008d400000, 0x000000008d400000| Complete 
| 213|0x000000008d500000, 0x000000008d600000, 0x000000008d600000|100%| E|CS|TAMS 0x000000008d500000, 0x000000008d500000| Complete 
| 214|0x000000008d600000, 0x000000008d700000, 0x000000008d700000|100%| E|CS|TAMS 0x000000008d600000, 0x000000008d600000| Complete 
| 215|0x000000008d700000, 0x000000008d800000, 0x000000008d800000|100%| E|CS|TAMS 0x000000008d700000, 0x000000008d700000| Complete 
| 216|0x000000008d800000, 0x000000008d900000, 0x000000008d900000|100%| E|CS|TAMS 0x000000008d800000, 0x000000008d800000| Complete 
| 217|0x000000008d900000, 0x000000008da00000, 0x000000008da00000|100%| E|CS|TAMS 0x000000008d900000, 0x000000008d900000| Complete 
| 218|0x000000008da00000, 0x000000008db00000, 0x000000008db00000|100%| E|CS|TAMS 0x000000008da00000, 0x000000008da00000| Complete 
| 219|0x000000008db00000, 0x000000008dc00000, 0x000000008dc00000|100%| E|CS|TAMS 0x000000008db00000, 0x000000008db00000| Complete 
| 220|0x000000008dc00000, 0x000000008dd00000, 0x000000008dd00000|100%| E|CS|TAMS 0x000000008dc00000, 0x000000008dc00000| Complete 
| 221|0x000000008dd00000, 0x000000008de00000, 0x000000008de00000|100%| E|CS|TAMS 0x000000008dd00000, 0x000000008dd00000| Complete 
| 222|0x000000008de00000, 0x000000008df00000, 0x000000008df00000|100%| E|CS|TAMS 0x000000008de00000, 0x000000008de00000| Complete 
| 223|0x000000008df00000, 0x000000008e000000, 0x000000008e000000|100%| E|CS|TAMS 0x000000008df00000, 0x000000008df00000| Complete 
| 224|0x000000008e000000, 0x000000008e100000, 0x000000008e100000|100%| E|CS|TAMS 0x000000008e000000, 0x000000008e000000| Complete 
| 225|0x000000008e100000, 0x000000008e200000, 0x000000008e200000|100%| E|CS|TAMS 0x000000008e100000, 0x000000008e100000| Complete 
| 226|0x000000008e200000, 0x000000008e300000, 0x000000008e300000|100%| E|CS|TAMS 0x000000008e200000, 0x000000008e200000| Complete 
| 227|0x000000008e300000, 0x000000008e400000, 0x000000008e400000|100%| E|CS|TAMS 0x000000008e300000, 0x000000008e300000| Complete 
| 228|0x000000008e400000, 0x000000008e500000, 0x000000008e500000|100%| E|CS|TAMS 0x000000008e400000, 0x000000008e400000| Complete 
| 229|0x000000008e500000, 0x000000008e600000, 0x000000008e600000|100%| E|CS|TAMS 0x000000008e500000, 0x000000008e500000| Complete 
| 230|0x000000008e600000, 0x000000008e700000, 0x000000008e700000|100%| E|CS|TAMS 0x000000008e600000, 0x000000008e600000| Complete 
| 231|0x000000008e700000, 0x000000008e800000, 0x000000008e800000|100%| E|CS|TAMS 0x000000008e700000, 0x000000008e700000| Complete 
| 232|0x000000008e800000, 0x000000008e900000, 0x000000008e900000|100%| E|CS|TAMS 0x000000008e800000, 0x000000008e800000| Complete 
| 233|0x000000008e900000, 0x000000008ea00000, 0x000000008ea00000|100%| E|CS|TAMS 0x000000008e900000, 0x000000008e900000| Complete 
| 234|0x000000008ea00000, 0x000000008eb00000, 0x000000008eb00000|100%| E|CS|TAMS 0x000000008ea00000, 0x000000008ea00000| Complete 
| 235|0x000000008eb00000, 0x000000008ec00000, 0x000000008ec00000|100%| E|CS|TAMS 0x000000008eb00000, 0x000000008eb00000| Complete 
| 236|0x000000008ec00000, 0x000000008ed00000, 0x000000008ed00000|100%| E|CS|TAMS 0x000000008ec00000, 0x000000008ec00000| Complete 
| 237|0x000000008ed00000, 0x000000008ee00000, 0x000000008ee00000|100%| E|CS|TAMS 0x000000008ed00000, 0x000000008ed00000| Complete 
| 238|0x000000008ee00000, 0x000000008ef00000, 0x000000008ef00000|100%| E|CS|TAMS 0x000000008ee00000, 0x000000008ee00000| Complete 
| 239|0x000000008ef00000, 0x000000008f000000, 0x000000008f000000|100%| E|CS|TAMS 0x000000008ef00000, 0x000000008ef00000| Complete 
| 240|0x000000008f000000, 0x000000008f100000, 0x000000008f100000|100%| E|CS|TAMS 0x000000008f000000, 0x000000008f000000| Complete 
| 241|0x000000008f100000, 0x000000008f200000, 0x000000008f200000|100%| E|CS|TAMS 0x000000008f100000, 0x000000008f100000| Complete 
| 242|0x000000008f200000, 0x000000008f300000, 0x000000008f300000|100%| E|CS|TAMS 0x000000008f200000, 0x000000008f200000| Complete 
| 243|0x000000008f300000, 0x000000008f400000, 0x000000008f400000|100%| E|CS|TAMS 0x000000008f300000, 0x000000008f300000| Complete 
| 244|0x000000008f400000, 0x000000008f500000, 0x000000008f500000|100%| E|CS|TAMS 0x000000008f400000, 0x000000008f400000| Complete 
| 245|0x000000008f500000, 0x000000008f600000, 0x000000008f600000|100%| E|CS|TAMS 0x000000008f500000, 0x000000008f500000| Complete 
| 246|0x000000008f600000, 0x000000008f700000, 0x000000008f700000|100%| E|CS|TAMS 0x000000008f600000, 0x000000008f600000| Complete 
| 247|0x000000008f700000, 0x000000008f800000, 0x000000008f800000|100%| E|CS|TAMS 0x000000008f700000, 0x000000008f700000| Complete 
| 248|0x000000008f800000, 0x000000008f900000, 0x000000008f900000|100%| E|CS|TAMS 0x000000008f800000, 0x000000008f800000| Complete 
| 249|0x000000008f900000, 0x000000008fa00000, 0x000000008fa00000|100%| E|CS|TAMS 0x000000008f900000, 0x000000008f900000| Complete 
| 250|0x000000008fa00000, 0x000000008fb00000, 0x000000008fb00000|100%| E|CS|TAMS 0x000000008fa00000, 0x000000008fa00000| Complete 
| 251|0x000000008fb00000, 0x000000008fc00000, 0x000000008fc00000|100%| E|CS|TAMS 0x000000008fb00000, 0x000000008fb00000| Complete 
| 252|0x000000008fc00000, 0x000000008fd00000, 0x000000008fd00000|100%| E|CS|TAMS 0x000000008fc00000, 0x000000008fc00000| Complete 
| 253|0x000000008fd00000, 0x000000008fe00000, 0x000000008fe00000|100%| E|CS|TAMS 0x000000008fd00000, 0x000000008fd00000| Complete 
| 254|0x000000008fe00000, 0x000000008ff00000, 0x000000008ff00000|100%| E|CS|TAMS 0x000000008fe00000, 0x000000008fe00000| Complete 
| 255|0x000000008ff00000, 0x0000000090000000, 0x0000000090000000|100%| E|CS|TAMS 0x000000008ff00000, 0x000000008ff00000| Complete 
| 256|0x0000000090000000, 0x0000000090100000, 0x0000000090100000|100%| E|CS|TAMS 0x0000000090000000, 0x0000000090000000| Complete 
| 257|0x0000000090100000, 0x0000000090200000, 0x0000000090200000|100%| E|CS|TAMS 0x0000000090100000, 0x0000000090100000| Complete 
| 258|0x0000000090200000, 0x0000000090300000, 0x0000000090300000|100%| E|CS|TAMS 0x0000000090200000, 0x0000000090200000| Complete 
| 259|0x0000000090300000, 0x0000000090400000, 0x0000000090400000|100%| E|CS|TAMS 0x0000000090300000, 0x0000000090300000| Complete 
| 260|0x0000000090400000, 0x0000000090500000, 0x0000000090500000|100%| E|CS|TAMS 0x0000000090400000, 0x0000000090400000| Complete 
| 261|0x0000000090500000, 0x0000000090600000, 0x0000000090600000|100%| E|CS|TAMS 0x0000000090500000, 0x0000000090500000| Complete 
| 262|0x0000000090600000, 0x0000000090700000, 0x0000000090700000|100%| E|CS|TAMS 0x0000000090600000, 0x0000000090600000| Complete 
| 263|0x0000000090700000, 0x0000000090800000, 0x0000000090800000|100%| E|CS|TAMS 0x0000000090700000, 0x0000000090700000| Complete 
| 264|0x0000000090800000, 0x0000000090900000, 0x0000000090900000|100%| E|CS|TAMS 0x0000000090800000, 0x0000000090800000| Complete 
| 265|0x0000000090900000, 0x0000000090a00000, 0x0000000090a00000|100%| E|CS|TAMS 0x0000000090900000, 0x0000000090900000| Complete 
| 266|0x0000000090a00000, 0x0000000090b00000, 0x0000000090b00000|100%| E|CS|TAMS 0x0000000090a00000, 0x0000000090a00000| Complete 
| 267|0x0000000090b00000, 0x0000000090c00000, 0x0000000090c00000|100%| E|CS|TAMS 0x0000000090b00000, 0x0000000090b00000| Complete 
| 268|0x0000000090c00000, 0x0000000090d00000, 0x0000000090d00000|100%| E|CS|TAMS 0x0000000090c00000, 0x0000000090c00000| Complete 
| 269|0x0000000090d00000, 0x0000000090e00000, 0x0000000090e00000|100%| E|CS|TAMS 0x0000000090d00000, 0x0000000090d00000| Complete 
| 270|0x0000000090e00000, 0x0000000090f00000, 0x0000000090f00000|100%| E|CS|TAMS 0x0000000090e00000, 0x0000000090e00000| Complete 
| 271|0x0000000090f00000, 0x0000000091000000, 0x0000000091000000|100%| E|CS|TAMS 0x0000000090f00000, 0x0000000090f00000| Complete 
| 272|0x0000000091000000, 0x0000000091100000, 0x0000000091100000|100%| E|CS|TAMS 0x0000000091000000, 0x0000000091000000| Complete 
| 273|0x0000000091100000, 0x0000000091200000, 0x0000000091200000|100%| E|CS|TAMS 0x0000000091100000, 0x0000000091100000| Complete 
| 274|0x0000000091200000, 0x0000000091300000, 0x0000000091300000|100%| E|CS|TAMS 0x0000000091200000, 0x0000000091200000| Complete 
| 275|0x0000000091300000, 0x0000000091400000, 0x0000000091400000|100%| E|CS|TAMS 0x0000000091300000, 0x0000000091300000| Complete 
| 276|0x0000000091400000, 0x0000000091500000, 0x0000000091500000|100%| E|CS|TAMS 0x0000000091400000, 0x0000000091400000| Complete 
| 277|0x0000000091500000, 0x0000000091600000, 0x0000000091600000|100%| E|CS|TAMS 0x0000000091500000, 0x0000000091500000| Complete 
| 278|0x0000000091600000, 0x0000000091700000, 0x0000000091700000|100%| E|CS|TAMS 0x0000000091600000, 0x0000000091600000| Complete 
| 279|0x0000000091700000, 0x0000000091800000, 0x0000000091800000|100%| E|CS|TAMS 0x0000000091700000, 0x0000000091700000| Complete 

Card table byte_map: [0x0000024aa5c90000,0x0000024aa6090000] _byte_map_base: 0x0000024aa5890000

Marking Bits (Prev, Next): (CMBitMap*) 0x0000024a92da4bb8, (CMBitMap*) 0x0000024a92da4bf0
 Prev Bits: [0x0000024aa6490000, 0x0000024aa8490000)
 Next Bits: [0x0000024aa8490000, 0x0000024aaa490000)

Polling page: 0x0000024a90b80000

Metaspace:

Usage:
  Non-class:    107.24 MB capacity,   104.84 MB ( 98%) used,     1.92 MB (  2%) free+waste,   489.50 KB ( <1%) overhead. 
      Class:     16.62 MB capacity,    15.13 MB ( 91%) used,     1.27 MB (  8%) free+waste,   218.69 KB (  1%) overhead. 
       Both:    123.85 MB capacity,   119.97 MB ( 97%) used,     3.19 MB (  3%) free+waste,   708.19 KB ( <1%) overhead. 

Virtual space:
  Non-class space:      108.00 MB reserved,     107.42 MB (>99%) committed 
      Class space:        1.00 GB reserved,      16.62 MB (  2%) committed 
             Both:        1.11 GB reserved,     124.05 MB ( 11%) committed 

Chunk freelists:
   Non-Class:  62.00 KB
       Class:  0 bytes
        Both:  62.00 KB

MaxMetaspaceSize: 17179869184.00 GB
CompressedClassSpaceSize: 1.00 GB
Initial GC threshold: 20.80 MB
Current GC threshold: 162.79 MB
CDS: off

CodeHeap 'non-profiled nmethods': size=120064Kb used=13359Kb max_used=13662Kb free=106704Kb
 bounds [0x0000024a9e350000, 0x0000024a9f0b0000, 0x0000024aa5890000]
CodeHeap 'profiled nmethods': size=120000Kb used=43784Kb max_used=46261Kb free=76215Kb
 bounds [0x0000024a96e20000, 0x0000024a99b50000, 0x0000024a9e350000]
CodeHeap 'non-nmethods': size=5696Kb used=2447Kb max_used=2506Kb free=3248Kb
 bounds [0x0000024a96890000, 0x0000024a96b20000, 0x0000024a96e20000]
 total_blobs=20645 nmethods=19660 adapters=896
 compilation: enabled
              stopped_count=0, restarted_count=0
 full_count=0

Compilation events (20 events):
Event: 179.939 Thread 0x0000024ab83ad000 21650       4       com.google.common.collect.ImmutableSortedMap$1EntrySet::iterator (5 bytes)
Event: 179.953 Thread 0x0000024ab83ad000 nmethod 21650 0x0000024a9e5afa10 code [0x0000024a9e5afbe0, 0x0000024a9e5aff38]
Event: 179.955 Thread 0x0000024aac9a8800 21651       3       com.sun.org.apache.xerces.internal.util.ParserConfigurationSettings::checkFeature (39 bytes)
Event: 179.955 Thread 0x0000024aac9a8800 nmethod 21651 0x0000024a971a8a90 code [0x0000024a971a8c60, 0x0000024a971a8f98]
Event: 179.958 Thread 0x0000024aac9a8800 21652       3       org.gradle.api.internal.file.AbstractFileCollection::getSingleFile (83 bytes)
Event: 179.961 Thread 0x0000024aac9a8800 nmethod 21652 0x0000024a96f50310 code [0x0000024a96f506e0, 0x0000024a96f52198]
Event: 179.961 Thread 0x0000024aac9a8800 21653 %     3       sun.nio.cs.UTF_8$Encoder::encodeArrayLoop @ 73 (489 bytes)
Event: 179.969 Thread 0x0000024aac9a8800 nmethod 21653% 0x0000024a984d5490 code [0x0000024a984d5a60, 0x0000024a984d8fa8]
Event: 180.046 Thread 0x0000024ab83ad000 21654   !   4       org.gradle.internal.serialize.kryo.KryoBackedDecoder::readSmallLong (16 bytes)
Event: 180.048 Thread 0x0000024ab83ad000 nmethod 21654 0x0000024a9e647e90 code [0x0000024a9e648040, 0x0000024a9e648118]
Event: 180.051 Thread 0x0000024ab83ad000 21655       4       com.google.common.collect.ImmutableSortedMap::entrySet (5 bytes)
Event: 180.057 Thread 0x0000024ab83ad000 nmethod 21655 0x0000024a9e7e3990 code [0x0000024a9e7e3b40, 0x0000024a9e7e3d78]
Event: 180.063 Thread 0x0000024ab83ad000 21656       4       org.gradle.cache.internal.btree.ByteOutput::start (42 bytes)
Event: 180.085 Thread 0x0000024ab83ad000 nmethod 21656 0x0000024a9e72a110 code [0x0000024a9e72a2e0, 0x0000024a9e72aac8]
Event: 180.153 Thread 0x0000024ab83ad000 21657       4       com.google.common.cache.LocalCache$LocalManualCache$1::load (10 bytes)
Event: 180.171 Thread 0x0000024ab83ad000 nmethod 21657 0x0000024a9e5a1e90 code [0x0000024a9e5a20e0, 0x0000024a9e5a27c0]
Event: 180.171 Thread 0x0000024ab83ad000 21658   !   4       com.google.common.cache.LocalCache$Segment::getAndRecordStats (153 bytes)
Event: 180.257 Thread 0x0000024ab83ad000 nmethod 21658 0x0000024a9e61b990 code [0x0000024a9e61bc80, 0x0000024a9e61d598]
Event: 180.257 Thread 0x0000024ab83ad000 21659   !   4       com.google.common.util.concurrent.Uninterruptibles::getUninterruptibly (40 bytes)
Event: 180.265 Thread 0x0000024ab83ad000 nmethod 21659 0x0000024a9e7e8290 code [0x0000024a9e7e8460, 0x0000024a9e7e8618]

GC Heap History (20 events):
Event: 169.299 GC heap before
{Heap before GC invocations=108 (full 0):
 garbage-first heap   total 188416K, used 161666K [0x0000000080000000, 0x0000000100000000)
  region size 1024K, 47 young (48128K), 4 survivors (4096K)
 Metaspace       used 121887K, capacity 125726K, committed 126000K, reserved 1159168K
  class space    used 15413K, capacity 16932K, committed 17024K, reserved 1048576K
}
Event: 169.314 GC heap after
{Heap after GC invocations=109 (full 0):
 garbage-first heap   total 188416K, used 118439K [0x0000000080000000, 0x0000000100000000)
  region size 1024K, 3 young (3072K), 3 survivors (3072K)
 Metaspace       used 121887K, capacity 125726K, committed 126000K, reserved 1159168K
  class space    used 15413K, capacity 16932K, committed 17024K, reserved 1048576K
}
Event: 169.951 GC heap before
{Heap before GC invocations=109 (full 0):
 garbage-first heap   total 188416K, used 161447K [0x0000000080000000, 0x0000000100000000)
  region size 1024K, 46 young (47104K), 3 survivors (3072K)
 Metaspace       used 121982K, capacity 125836K, committed 126000K, reserved 1159168K
  class space    used 15418K, capacity 16941K, committed 17024K, reserved 1048576K
}
Event: 169.967 GC heap after
{Heap after GC invocations=110 (full 0):
 garbage-first heap   total 188416K, used 119481K [0x0000000080000000, 0x0000000100000000)
  region size 1024K, 4 young (4096K), 4 survivors (4096K)
 Metaspace       used 121982K, capacity 125836K, committed 126000K, reserved 1159168K
  class space    used 15418K, capacity 16941K, committed 17024K, reserved 1048576K
}
Event: 170.522 GC heap before
{Heap before GC invocations=110 (full 0):
 garbage-first heap   total 188416K, used 161465K [0x0000000080000000, 0x0000000100000000)
  region size 1024K, 46 young (47104K), 4 survivors (4096K)
 Metaspace       used 122060K, capacity 125913K, committed 126000K, reserved 1159168K
  class space    used 15418K, capacity 16941K, committed 17024K, reserved 1048576K
}
Event: 170.546 GC heap after
{Heap after GC invocations=111 (full 0):
 garbage-first heap   total 226304K, used 122888K [0x0000000080000000, 0x0000000100000000)
  region size 1024K, 6 young (6144K), 6 survivors (6144K)
 Metaspace       used 122060K, capacity 125913K, committed 126000K, reserved 1159168K
  class space    used 15418K, capacity 16941K, committed 17024K, reserved 1048576K
}
Event: 171.243 GC heap before
{Heap before GC invocations=111 (full 0):
 garbage-first heap   total 226304K, used 181256K [0x0000000080000000, 0x0000000100000000)
  region size 1024K, 63 young (64512K), 6 survivors (6144K)
 Metaspace       used 122087K, capacity 125984K, committed 126256K, reserved 1159168K
  class space    used 15418K, capacity 16942K, committed 17024K, reserved 1048576K
}
Event: 171.277 GC heap after
{Heap after GC invocations=112 (full 0):
 garbage-first heap   total 226304K, used 126700K [0x0000000080000000, 0x0000000100000000)
  region size 1024K, 5 young (5120K), 5 survivors (5120K)
 Metaspace       used 122087K, capacity 125984K, committed 126256K, reserved 1159168K
  class space    used 15418K, capacity 16942K, committed 17024K, reserved 1048576K
}
Event: 172.005 GC heap before
{Heap before GC invocations=112 (full 0):
 garbage-first heap   total 226304K, used 184044K [0x0000000080000000, 0x0000000100000000)
  region size 1024K, 61 young (62464K), 5 survivors (5120K)
 Metaspace       used 122117K, capacity 126005K, committed 126256K, reserved 1159168K
  class space    used 15422K, capacity 16949K, committed 17024K, reserved 1048576K
}
Event: 172.031 GC heap after
{Heap after GC invocations=113 (full 0):
 garbage-first heap   total 226304K, used 127450K [0x0000000080000000, 0x0000000100000000)
  region size 1024K, 2 young (2048K), 2 survivors (2048K)
 Metaspace       used 122117K, capacity 126005K, committed 126256K, reserved 1159168K
  class space    used 15422K, capacity 16949K, committed 17024K, reserved 1048576K
}
Event: 172.852 GC heap before
{Heap before GC invocations=113 (full 0):
 garbage-first heap   total 226304K, used 185818K [0x0000000080000000, 0x0000000100000000)
  region size 1024K, 59 young (60416K), 2 survivors (2048K)
 Metaspace       used 122131K, capacity 126009K, committed 126256K, reserved 1159168K
  class space    used 15422K, capacity 16949K, committed 17024K, reserved 1048576K
}
Event: 172.863 GC heap after
{Heap after GC invocations=114 (full 0):
 garbage-first heap   total 226304K, used 127408K [0x0000000080000000, 0x0000000100000000)
  region size 1024K, 2 young (2048K), 2 survivors (2048K)
 Metaspace       used 122131K, capacity 126009K, committed 126256K, reserved 1159168K
  class space    used 15422K, capacity 16949K, committed 17024K, reserved 1048576K
}
Event: 173.616 GC heap before
{Heap before GC invocations=114 (full 0):
 garbage-first heap   total 226304K, used 186800K [0x0000000080000000, 0x0000000100000000)
  region size 1024K, 61 young (62464K), 2 survivors (2048K)
 Metaspace       used 122185K, capacity 126076K, committed 126256K, reserved 1159168K
  class space    used 15430K, capacity 16950K, committed 17024K, reserved 1048576K
}
Event: 173.626 GC heap after
{Heap after GC invocations=115 (full 0):
 garbage-first heap   total 226304K, used 127771K [0x0000000080000000, 0x0000000100000000)
  region size 1024K, 2 young (2048K), 2 survivors (2048K)
 Metaspace       used 122185K, capacity 126076K, committed 126256K, reserved 1159168K
  class space    used 15430K, capacity 16950K, committed 17024K, reserved 1048576K
}
Event: 174.265 GC heap before
{Heap before GC invocations=115 (full 0):
 garbage-first heap   total 226304K, used 189211K [0x0000000080000000, 0x0000000100000000)
  region size 1024K, 62 young (63488K), 2 survivors (2048K)
 Metaspace       used 122221K, capacity 126082K, committed 126256K, reserved 1159168K
  class space    used 15430K, capacity 16950K, committed 17024K, reserved 1048576K
}
Event: 174.279 GC heap after
{Heap after GC invocations=116 (full 0):
 garbage-first heap   total 226304K, used 127373K [0x0000000080000000, 0x0000000100000000)
  region size 1024K, 2 young (2048K), 2 survivors (2048K)
 Metaspace       used 122221K, capacity 126082K, committed 126256K, reserved 1159168K
  class space    used 15430K, capacity 16950K, committed 17024K, reserved 1048576K
}
Event: 175.357 GC heap before
{Heap before GC invocations=116 (full 0):
 garbage-first heap   total 226304K, used 189837K [0x0000000080000000, 0x0000000100000000)
  region size 1024K, 64 young (65536K), 2 survivors (2048K)
 Metaspace       used 122232K, capacity 126083K, committed 126256K, reserved 1159168K
  class space    used 15430K, capacity 16950K, committed 17024K, reserved 1048576K
}
Event: 175.373 GC heap after
{Heap after GC invocations=117 (full 0):
 garbage-first heap   total 286720K, used 127336K [0x0000000080000000, 0x0000000100000000)
  region size 1024K, 2 young (2048K), 2 survivors (2048K)
 Metaspace       used 122232K, capacity 126083K, committed 126256K, reserved 1159168K
  class space    used 15430K, capacity 16950K, committed 17024K, reserved 1048576K
}
Event: 176.919 GC heap before
{Heap before GC invocations=117 (full 0):
 garbage-first heap   total 286720K, used 217448K [0x0000000080000000, 0x0000000100000000)
  region size 1024K, 90 young (92160K), 2 survivors (2048K)
 Metaspace       used 122252K, capacity 126086K, committed 126256K, reserved 1159168K
  class space    used 15431K, capacity 16951K, committed 17024K, reserved 1048576K
}
Event: 176.937 GC heap after
{Heap after GC invocations=118 (full 0):
 garbage-first heap   total 286720K, used 127768K [0x0000000080000000, 0x0000000100000000)
  region size 1024K, 2 young (2048K), 2 survivors (2048K)
 Metaspace       used 122252K, capacity 126086K, committed 126256K, reserved 1159168K
  class space    used 15431K, capacity 16951K, committed 17024K, reserved 1048576K
}

Deoptimization events (20 events):
Event: 178.943 Thread 0x0000024aadf39800 DEOPT PACKING pc=0x0000024a98c698b0 sp=0x000000f5836fb460
Event: 178.943 Thread 0x0000024aadf39800 DEOPT UNPACKING pc=0x0000024a968da95e sp=0x000000f5836fa980 mode 0
Event: 178.981 Thread 0x0000024aaf52c000 Uncommon trap: trap_request=0xffffff4d fr.pc=0x0000024a9e43faec relative=0x000000000000032c
Event: 178.981 Thread 0x0000024aaf52c000 Uncommon trap: reason=unstable_if action=reinterpret pc=0x0000024a9e43faec method=java.util.WeakHashMap.remove(Ljava/lang/Object;)Ljava/lang/Object; @ 94 c2
Event: 178.981 Thread 0x0000024aaf52c000 DEOPT PACKING pc=0x0000024a9e43faec sp=0x000000f5845f9310
Event: 178.981 Thread 0x0000024aaf52c000 DEOPT UNPACKING pc=0x0000024a968da1af sp=0x000000f5845f92b0 mode 2
Event: 179.506 Thread 0x0000024aadf39800 DEOPT PACKING pc=0x0000024a98c698b0 sp=0x000000f5836fb1e0
Event: 179.506 Thread 0x0000024aadf39800 DEOPT UNPACKING pc=0x0000024a968da95e sp=0x000000f5836fa700 mode 0
Event: 179.639 Thread 0x0000024aae7e6000 DEOPT PACKING pc=0x0000024a98fc118a sp=0x000000f5859f8310
Event: 179.639 Thread 0x0000024aae7e6000 DEOPT UNPACKING pc=0x0000024a968da95e sp=0x000000f5859f78d0 mode 0
Event: 179.808 Thread 0x0000024ab191f000 DEOPT PACKING pc=0x0000024a97e05927 sp=0x000000f585dfddc0
Event: 179.808 Thread 0x0000024ab191f000 DEOPT UNPACKING pc=0x0000024a968da95e sp=0x000000f585dfd280 mode 0
Event: 180.011 Thread 0x0000024ab1924000 Uncommon trap: trap_request=0xffffffc6 fr.pc=0x0000024a9e48ae50 relative=0x00000000000008f0
Event: 180.011 Thread 0x0000024ab1924000 Uncommon trap: reason=bimorphic_or_optimized_type_check action=maybe_recompile pc=0x0000024a9e48ae50 method=java.lang.Throwable.<init>(Ljava/lang/String;Ljava/lang/Throwable;)V @ 24 c2
Event: 180.011 Thread 0x0000024ab1924000 DEOPT PACKING pc=0x0000024a9e48ae50 sp=0x000000f585efd9a0
Event: 180.011 Thread 0x0000024ab1924000 DEOPT UNPACKING pc=0x0000024a968da1af sp=0x000000f585efd968 mode 2
Event: 180.052 Thread 0x0000024ab1924000 Uncommon trap: trap_request=0xffffffc6 fr.pc=0x0000024a9e48ae50 relative=0x00000000000008f0
Event: 180.052 Thread 0x0000024ab1924000 Uncommon trap: reason=bimorphic_or_optimized_type_check action=maybe_recompile pc=0x0000024a9e48ae50 method=java.lang.Throwable.<init>(Ljava/lang/String;Ljava/lang/Throwable;)V @ 24 c2
Event: 180.052 Thread 0x0000024ab1924000 DEOPT PACKING pc=0x0000024a9e48ae50 sp=0x000000f585efe4e0
Event: 180.052 Thread 0x0000024ab1924000 DEOPT UNPACKING pc=0x0000024a968da1af sp=0x000000f585efe4a8 mode 2

Classes redefined (0 events):
No events

Internal exceptions (20 events):
Event: 169.413 Thread 0x0000024aadf3b000 Exception <a 'sun/nio/fs/WindowsException'{0x000000008af503c8}> (0x000000008af503c8) thrown at [src/hotspot/share/prims/jni.cpp, line 617]
Event: 169.875 Thread 0x0000024aadf3b000 Exception <a 'sun/nio/fs/WindowsException'{0x0000000089222378}> (0x0000000089222378) thrown at [src/hotspot/share/prims/jni.cpp, line 617]
Event: 169.891 Thread 0x0000024aad5e6800 Exception <a 'sun/nio/fs/WindowsException'{0x0000000089039cd0}> (0x0000000089039cd0) thrown at [src/hotspot/share/prims/jni.cpp, line 617]
Event: 170.013 Thread 0x0000024aae7ea000 Exception <a 'sun/nio/fs/WindowsException'{0x000000008b4b67e0}> (0x000000008b4b67e0) thrown at [src/hotspot/share/prims/jni.cpp, line 617]
Event: 170.043 Thread 0x0000024aae7ea800 Exception <a 'sun/nio/fs/WindowsException'{0x000000008b36fe28}> (0x000000008b36fe28) thrown at [src/hotspot/share/prims/jni.cpp, line 617]
Event: 170.237 Thread 0x0000024aadf38800 Exception <a 'sun/nio/fs/WindowsException'{0x000000008aa8ea08}> (0x000000008aa8ea08) thrown at [src/hotspot/share/prims/jni.cpp, line 617]
Event: 170.351 Thread 0x0000024aad5e4800 Exception <a 'sun/nio/fs/WindowsException'{0x0000000089fccba0}> (0x0000000089fccba0) thrown at [src/hotspot/share/prims/jni.cpp, line 617]
Event: 170.407 Thread 0x0000024aad5de000 Exception <a 'sun/nio/fs/WindowsException'{0x000000008996c5a8}> (0x000000008996c5a8) thrown at [src/hotspot/share/prims/jni.cpp, line 617]
Event: 171.912 Thread 0x0000024aad5de000 Implicit null exception at 0x0000024a9f00911f to 0x0000024a9f00ae94
Event: 172.272 Thread 0x0000024aadf38800 Exception <a 'sun/nio/fs/WindowsException'{0x000000008d345238}> (0x000000008d345238) thrown at [src/hotspot/share/prims/jni.cpp, line 617]
Event: 174.196 Thread 0x0000024aad5e6800 Exception <a 'sun/nio/fs/WindowsException'{0x000000008abd1f18}> (0x000000008abd1f18) thrown at [src/hotspot/share/prims/jni.cpp, line 617]
Event: 174.666 Thread 0x0000024aad5de000 Exception <a 'sun/nio/fs/WindowsException'{0x000000008bc4db80}> (0x000000008bc4db80) thrown at [src/hotspot/share/prims/jni.cpp, line 617]
Event: 177.661 Thread 0x0000024aad5e4800 Implicit null exception at 0x0000024a9e516f6f to 0x0000024a9e5170ac
Event: 177.840 Thread 0x0000024aad5e4800 Exception <a 'sun/nio/fs/WindowsException'{0x000000008e63d800}> (0x000000008e63d800) thrown at [src/hotspot/share/prims/jni.cpp, line 617]
Event: 178.543 Thread 0x0000024aae7e6000 Exception <a 'java/lang/NoSuchMethodError'{0x000000008de4d838}: <clinit>> (0x000000008de4d838) thrown at [src/hotspot/share/prims/jni.cpp, line 1367]
Event: 178.544 Thread 0x0000024aae7e6000 Exception <a 'java/lang/NoSuchMethodError'{0x000000008de4f4e0}: <clinit>> (0x000000008de4f4e0) thrown at [src/hotspot/share/prims/jni.cpp, line 1367]
Event: 178.545 Thread 0x0000024aae7e6000 Exception <a 'java/lang/NoSuchMethodError'{0x000000008de52bd8}: <clinit>> (0x000000008de52bd8) thrown at [src/hotspot/share/prims/jni.cpp, line 1367]
Event: 178.563 Thread 0x0000024aae7e6000 Exception <a 'java/lang/NoSuchMethodError'{0x000000008de74df0}: <clinit>> (0x000000008de74df0) thrown at [src/hotspot/share/prims/jni.cpp, line 1367]
Event: 178.563 Thread 0x0000024aae7e6000 Exception <a 'java/lang/NoSuchMethodError'{0x000000008de76288}: <clinit>> (0x000000008de76288) thrown at [src/hotspot/share/prims/jni.cpp, line 1367]
Event: 180.011 Thread 0x0000024ab191f000 Exception <a 'java/lang/OutOfMemoryError'{0x000000008d69e7c0}> (0x000000008d69e7c0) thrown at [src/hotspot/share/prims/jni.cpp, line 638]

Events (20 events):
Event: 179.380 Thread 0x0000024aac9ac000 flushing nmethod 0x0000024a984e0610
Event: 179.380 Thread 0x0000024aac9ac000 flushing nmethod 0x0000024a984e3a10
Event: 179.380 Thread 0x0000024aac9ac000 flushing nmethod 0x0000024a984e7510
Event: 179.380 Thread 0x0000024aac9ac000 flushing nmethod 0x0000024a98502b10
Event: 179.380 Thread 0x0000024aac9ac000 flushing nmethod 0x0000024a9850bf90
Event: 179.380 Thread 0x0000024aac9ac000 flushing nmethod 0x0000024a9850da10
Event: 179.380 Thread 0x0000024aac9ac000 flushing nmethod 0x0000024a98511390
Event: 179.380 Thread 0x0000024aac9ac000 flushing nmethod 0x0000024a98512e90
Event: 179.380 Thread 0x0000024aac9ac000 flushing nmethod 0x0000024a98515610
Event: 179.380 Thread 0x0000024aac9ac000 flushing nmethod 0x0000024a98521f90
Event: 179.381 Thread 0x0000024aac9ac000 flushing nmethod 0x0000024a9852ee90
Event: 179.381 Thread 0x0000024aac9ac000 flushing nmethod 0x0000024a9856be90
Event: 179.381 Thread 0x0000024aac9ac000 flushing nmethod 0x0000024a9857aa10
Event: 179.382 Thread 0x0000024aac9ac000 flushing nmethod 0x0000024a98634490
Event: 179.386 Thread 0x0000024aac9ac000 flushing nmethod 0x0000024a988fb110
Event: 180.012 loading class org/gradle/internal/exceptions/DefaultMultiCauseException$1
Event: 180.012 loading class org/gradle/internal/exceptions/DefaultMultiCauseException$1 done
Event: 180.135 Executing VM operation: RevokeBias
Event: 180.135 Executing VM operation: RevokeBias done
Event: 180.135 Thread 0x0000024ab1924800 Thread exited: 0x0000024ab1924800


Dynamic libraries:
0x00007ff70c830000 - 0x00007ff70c83a000 	C:\Program Files\Android\Android Studio\jbr\bin\java.exe
0x00007ff9cebf0000 - 0x00007ff9cede8000 	C:\Windows\SYSTEM32\ntdll.dll
0x00007ff9cd680000 - 0x00007ff9cd73d000 	C:\Windows\System32\KERNEL32.DLL
0x00007ff9cc980000 - 0x00007ff9ccc4e000 	C:\Windows\System32\KERNELBASE.dll
0x00007ff9c7ff0000 - 0x00007ff9c8007000 	C:\Program Files\Android\Android Studio\jbr\bin\jli.dll
0x00007ff9c7cf0000 - 0x00007ff9c7d0b000 	C:\Program Files\Android\Android Studio\jbr\bin\VCRUNTIME140.dll
0x00007ff9cc4c0000 - 0x00007ff9cc5c0000 	C:\Windows\System32\ucrtbase.dll
0x00007ff9cd7a0000 - 0x00007ff9cd940000 	C:\Windows\System32\USER32.dll
0x00007ff9cc310000 - 0x00007ff9cc332000 	C:\Windows\System32\win32u.dll
0x00007ff9cdf00000 - 0x00007ff9cdf2a000 	C:\Windows\System32\GDI32.dll
0x00007ff9cc870000 - 0x00007ff9cc97b000 	C:\Windows\System32\gdi32full.dll
0x00007ff9cc5c0000 - 0x00007ff9cc65d000 	C:\Windows\System32\msvcp_win.dll
0x00007ff9bd9c0000 - 0x00007ff9bdc5a000 	C:\Windows\WinSxS\amd64_microsoft.windows.common-controls_6595b64144ccf1df_6.0.19041.1110_none_60b5254171f9507e\COMCTL32.dll
0x00007ff9cd940000 - 0x00007ff9cd9de000 	C:\Windows\System32\msvcrt.dll
0x00007ff9ccf20000 - 0x00007ff9ccf50000 	C:\Windows\System32\IMM32.DLL
0x00007ff9c5340000 - 0x00007ff9c534c000 	C:\Program Files\Android\Android Studio\jbr\bin\vcruntime140_1.dll
0x00007ff9b8dc0000 - 0x00007ff9b8e4d000 	C:\Program Files\Android\Android Studio\jbr\bin\msvcp140.dll
0x00007ff995c80000 - 0x00007ff99683c000 	C:\Program Files\Android\Android Studio\jbr\bin\server\jvm.dll
0x00007ff9ce9d0000 - 0x00007ff9cea7e000 	C:\Windows\System32\ADVAPI32.dll
0x00007ff9ce1e0000 - 0x00007ff9ce27c000 	C:\Windows\System32\sechost.dll
0x00007ff9ccc50000 - 0x00007ff9ccd75000 	C:\Windows\System32\RPCRT4.dll
0x00007ff9cd410000 - 0x00007ff9cd418000 	C:\Windows\System32\PSAPI.DLL
0x00007ff9bfd10000 - 0x00007ff9bfd37000 	C:\Windows\SYSTEM32\WINMM.dll
0x00007ff9bfa40000 - 0x00007ff9bfa4a000 	C:\Windows\SYSTEM32\VERSION.dll
0x00007ff9c9150000 - 0x00007ff9c9159000 	C:\Windows\SYSTEM32\WSOCK32.dll
0x00007ff9cd2b0000 - 0x00007ff9cd31b000 	C:\Windows\System32\WS2_32.dll
0x00007ff9ca200000 - 0x00007ff9ca212000 	C:\Windows\SYSTEM32\kernel.appcore.dll
0x00007ff9c7d30000 - 0x00007ff9c7d40000 	C:\Program Files\Android\Android Studio\jbr\bin\verify.dll
0x00007ff9bc010000 - 0x00007ff9bc1f4000 	C:\Windows\SYSTEM32\DBGHELP.DLL
0x00007ff9bc710000 - 0x00007ff9bc73c000 	C:\Windows\SYSTEM32\dbgcore.DLL
0x00007ff9cc370000 - 0x00007ff9cc3f2000 	C:\Windows\System32\bcryptPrimitives.dll
0x00007ff9b8d90000 - 0x00007ff9b8db8000 	C:\Program Files\Android\Android Studio\jbr\bin\java.dll
0x00007ff9c7ca0000 - 0x00007ff9c7caa000 	C:\Program Files\Android\Android Studio\jbr\bin\jimage.dll
0x00007ff9c7120000 - 0x00007ff9c7138000 	C:\Program Files\Android\Android Studio\jbr\bin\zip.dll
0x00007ff9ce280000 - 0x00007ff9ce9c3000 	C:\Windows\System32\SHELL32.dll
0x00007ff9ca400000 - 0x00007ff9cab95000 	C:\Windows\SYSTEM32\windows.storage.dll
0x00007ff9ccf50000 - 0x00007ff9cd2a4000 	C:\Windows\System32\combase.dll
0x00007ff9cbd70000 - 0x00007ff9cbda0000 	C:\Windows\SYSTEM32\Wldp.dll
0x00007ff9cde50000 - 0x00007ff9cdefd000 	C:\Windows\System32\SHCORE.dll
0x00007ff9cd3b0000 - 0x00007ff9cd405000 	C:\Windows\System32\shlwapi.dll
0x00007ff9cc250000 - 0x00007ff9cc26f000 	C:\Windows\SYSTEM32\profapi.dll
0x00007ff9c6ee0000 - 0x00007ff9c6ef9000 	C:\Program Files\Android\Android Studio\jbr\bin\net.dll
0x00007ff9c1050000 - 0x00007ff9c115a000 	C:\Windows\SYSTEM32\WINHTTP.dll
0x00007ff9cbad0000 - 0x00007ff9cbb3a000 	C:\Windows\system32\mswsock.dll
0x00007ff9bf820000 - 0x00007ff9bf833000 	C:\Program Files\Android\Android Studio\jbr\bin\nio.dll
0x00007ff9c4d80000 - 0x00007ff9c4da7000 	C:\Users\Aqib\.gradle\native\e1d6ef7f7dcc3fd88c89a11ec53ec762bb8ba0a96d01ffa2cd45eb1d1d8dd5c5\windows-amd64\native-platform.dll
0x00007ff9b7830000 - 0x00007ff9b7974000 	C:\Users\Aqib\.gradle\native\0d407fdbe67a94daf76414ababcb853783967236a71b16ec16e742cd7a986fd3\windows-amd64\native-platform-file-events.dll
0x00007ff9c7630000 - 0x00007ff9c763a000 	C:\Program Files\Android\Android Studio\jbr\bin\management.dll
0x00007ff9c75f0000 - 0x00007ff9c75fb000 	C:\Program Files\Android\Android Studio\jbr\bin\management_ext.dll
0x00007ff9cbcc0000 - 0x00007ff9cbcd8000 	C:\Windows\SYSTEM32\CRYPTSP.dll
0x00007ff9cb3e0000 - 0x00007ff9cb414000 	C:\Windows\system32\rsaenh.dll
0x00007ff9cc340000 - 0x00007ff9cc367000 	C:\Windows\System32\bcrypt.dll
0x00007ff9cc210000 - 0x00007ff9cc23e000 	C:\Windows\SYSTEM32\USERENV.dll
0x00007ff9cbce0000 - 0x00007ff9cbcec000 	C:\Windows\SYSTEM32\CRYPTBASE.dll
0x00007ff9cb770000 - 0x00007ff9cb7ab000 	C:\Windows\SYSTEM32\IPHLPAPI.DLL
0x00007ff9cce60000 - 0x00007ff9cce68000 	C:\Windows\System32\NSI.dll
0x00007ff9c1860000 - 0x00007ff9c1877000 	C:\Windows\SYSTEM32\dhcpcsvc6.DLL
0x00007ff9c1c90000 - 0x00007ff9c1cad000 	C:\Windows\SYSTEM32\dhcpcsvc.DLL
0x00007ff9cb7c0000 - 0x00007ff9cb88a000 	C:\Windows\SYSTEM32\DNSAPI.dll
0x00007ff9cb010000 - 0x00007ff9cb043000 	C:\Windows\SYSTEM32\ntmarta.dll

dbghelp: loaded successfully - version: 4.0.5 - missing functions: none
symbol engine: initialized successfully - sym options: 0x614 - pdb path: .;C:\Program Files\Android\Android Studio\jbr\bin;C:\Windows\SYSTEM32;C:\Windows\WinSxS\amd64_microsoft.windows.common-controls_6595b64144ccf1df_6.0.19041.1110_none_60b5254171f9507e;C:\Program Files\Android\Android Studio\jbr\bin\server;C:\Users\Aqib\.gradle\native\e1d6ef7f7dcc3fd88c89a11ec53ec762bb8ba0a96d01ffa2cd45eb1d1d8dd5c5\windows-amd64;C:\Users\Aqib\.gradle\native\0d407fdbe67a94daf76414ababcb853783967236a71b16ec16e742cd7a986fd3\windows-amd64

VM Arguments:
jvm_args: --add-opens=java.base/java.util=ALL-UNNAMED --add-opens=java.base/java.lang=ALL-UNNAMED --add-opens=java.base/java.lang.invoke=ALL-UNNAMED --add-opens=java.base/java.util=ALL-UNNAMED --add-opens=java.prefs/java.util.prefs=ALL-UNNAMED --add-opens=java.prefs/java.util.prefs=ALL-UNNAMED --add-opens=java.base/java.nio.charset=ALL-UNNAMED --add-opens=java.base/java.net=ALL-UNNAMED --add-opens=java.base/java.util.concurrent.atomic=ALL-UNNAMED -Xmx2048m -Dfile.encoding=UTF-8 -Duser.country=US -Duser.language=en -Duser.variant 
java_command: org.gradle.launcher.daemon.bootstrap.GradleDaemon 7.5
java_class_path (initial): C:\Users\Aqib\.gradle\wrapper\dists\gradle-7.5-bin\f1w0cc9nuo0eivz97x2xlu9sv\gradle-7.5\lib\gradle-launcher-7.5.jar
Launcher Type: SUN_STANDARD

[Global flags]
     intx CICompilerCount                          = 3                                         {product} {ergonomic}
     uint ConcGCThreads                            = 1                                         {product} {ergonomic}
     uint G1ConcRefinementThreads                  = 4                                         {product} {ergonomic}
   size_t G1HeapRegionSize                         = 1048576                                   {product} {ergonomic}
    uintx GCDrainStackTargetSize                   = 64                                        {product} {ergonomic}
   size_t InitialHeapSize                          = 67108864                                  {product} {ergonomic}
   size_t MarkStackSize                            = 4194304                                   {product} {ergonomic}
   size_t MaxHeapSize                              = 2147483648                                {product} {command line}
   size_t MaxNewSize                               = 1287651328                                {product} {ergonomic}
   size_t MinHeapDeltaBytes                        = 1048576                                   {product} {ergonomic}
    uintx NonNMethodCodeHeapSize                   = 5830732                                {pd product} {ergonomic}
    uintx NonProfiledCodeHeapSize                  = 122913754                              {pd product} {ergonomic}
    uintx ProfiledCodeHeapSize                     = 122913754                              {pd product} {ergonomic}
    uintx ReservedCodeCacheSize                    = 251658240                              {pd product} {ergonomic}
     bool SegmentedCodeCache                       = true                                      {product} {ergonomic}
     bool UseCompressedClassPointers               = true                                 {lp64_product} {ergonomic}
     bool UseCompressedOops                        = true                                 {lp64_product} {ergonomic}
     bool UseG1GC                                  = true                                      {product} {ergonomic}
     bool UseLargePagesIndividualAllocation        = false                                  {pd product} {ergonomic}

Logging:
Log output configuration:
 #0: stdout all=warning uptime,level,tags
 #1: stderr all=off uptime,level,tags

Environment Variables:
PATH=C:\Program Files\Common Files\Oracle\Java\javapath;C:\Windows\system32;C:\Windows;C:\Windows\System32\Wbem;C:\Windows\System32\WindowsPowerShell\v1.0\;C:\Windows\System32\OpenSSH\;C:\Program Files\nodejs\;C:\Users\Aqib\AppData\Local\Microsoft\WindowsApps;C:\Users\Aqib\AppData\Local\Programs\Microsoft VS Code\bin;C:\Users\Aqib\AppData\Roaming\npm;C:\Users\Aqib\Downloads\Compressed\flutter\bin;
USERNAME=Aqib
OS=Windows_NT
PROCESSOR_IDENTIFIER=Intel64 Family 6 Model 42 Stepping 7, GenuineIntel



---------------  S Y S T E M  ---------------

OS: Windows 10 , 64 bit Build 19041 (10.0.19041.1889)
OS uptime: 0 days 16:07 hours

CPU:total 4 (initial active 4) (2 cores per cpu, 2 threads per core) family 6 model 42 stepping 7 microcode 0x2f, cmov, cx8, fxsr, mmx, sse, sse2, sse3, ssse3, sse4.1, sse4.2, popcnt, avx, aes, clmul, ht, tsc, tscinvbit

Memory: 4k page, system-wide physical 4030M (1312M free)
TotalPageFile size 10174M (AvailPageFile size 7M)
current process WorkingSet (physical memory assigned to process): 612M, peak: 617M
current process commit charge ("private bytes"): 693M, peak: 698M

vm_info: OpenJDK 64-Bit Server VM (11.0.15+0-b2043.56-9505619) for windows-amd64 JRE (11.0.15+0-b2043.56-9505619), built on Jan 19 2023 02:48:00 by "builduser" with unknown MS VC++:1929

END.
